Log file open, 08/20/21 13:16:53
LogWindows: Failed to load 'aqProf.dll' (GetLastError=126)
LogWindows: File 'aqProf.dll' does not exist
LogWindows: Failed to load 'VtuneApi.dll' (GetLastError=126)
LogWindows: File 'VtuneApi.dll' does not exist
LogWindows: Failed to load 'VtuneApi32e.dll' (GetLastError=126)
LogWindows: File 'VtuneApi32e.dll' does not exist
LogConsoleResponse: Display: Failed to find resolution value strings in scalability ini. Falling back to default.
LogInit: Display: Running engine for game: GPEFinal
LogPlatformFile: Not using cached read wrapper
LogTaskGraph: Started task graph with 5 named threads and 47 total threads with 3 sets of task threads.
LogStats: Stats thread started at 0.050916
LogD3D11RHI: Loaded GFSDK_Aftermath_Lib.x64.dll
LogICUInternationalization: ICU TimeZone Detection - Raw Offset: -7:00, Platform Override: ''
LogPluginManager: Mounting plugin Paper2D
LogPluginManager: Mounting plugin AISupport
LogPluginManager: Mounting plugin LightPropagationVolume
LogPluginManager: Mounting plugin ActorLayerUtilities
LogPluginManager: Mounting plugin AnimationSharing
LogPluginManager: Mounting plugin CLionSourceCodeAccess
LogPluginManager: Mounting plugin CodeLiteSourceCodeAccess
LogPluginManager: Mounting plugin GitSourceControl
LogPluginManager: Mounting plugin KDevelopSourceCodeAccess
LogPluginManager: Mounting plugin NullSourceCodeAccess
LogPluginManager: Mounting plugin PerforceSourceControl
LogPluginManager: Mounting plugin PlasticSourceControl
LogPluginManager: Mounting plugin SubversionSourceControl
LogPluginManager: Mounting plugin UObjectPlugin
LogPluginManager: Mounting plugin VisualStudioCodeSourceCodeAccess
LogPluginManager: Mounting plugin VisualStudioSourceCodeAccess
LogPluginManager: Mounting plugin XCodeSourceCodeAccess
LogPluginManager: Mounting plugin AssetManagerEditor
LogPluginManager: Mounting plugin CryptoKeys
LogPluginManager: Mounting plugin CurveEditorTools
LogPluginManager: Mounting plugin DataValidation
LogPluginManager: Mounting plugin FacialAnimation
LogPluginManager: Mounting plugin GameplayTagsEditor
LogPluginManager: Mounting plugin MacGraphicsSwitching
LogPluginManager: Mounting plugin MaterialAnalyzer
LogPluginManager: Mounting plugin MobileLauncherProfileWizard
LogPluginManager: Mounting plugin PluginBrowser
LogPluginManager: Mounting plugin SpeedTreeImporter
LogPluginManager: Mounting plugin DatasmithContent
LogPluginManager: Mounting plugin VariantManagerContent
LogPluginManager: Mounting plugin AlembicImporter
LogPluginManager: Mounting plugin AutomationUtils
LogPluginManager: Mounting plugin BackChannel
LogPluginManager: Mounting plugin CharacterAI
LogPluginManager: Mounting plugin GeometryCache
LogPluginManager: Mounting plugin PlatformCrypto
LogPluginManager: Mounting plugin ProxyLODPlugin
LogPluginManager: Mounting plugin SkeletalReduction
LogPluginManager: Mounting plugin MagicLeap
LogPluginManager: Mounting plugin MagicLeapMedia
LogPluginManager: Mounting plugin MLSDK
LogPluginManager: Mounting plugin AndroidMedia
LogPluginManager: Mounting plugin AvfMedia
LogPluginManager: Mounting plugin ImgMedia
LogPluginManager: Mounting plugin MediaCompositing
LogPluginManager: Mounting plugin MediaPlayerEditor
LogPluginManager: Mounting plugin WebMMedia
LogPluginManager: Mounting plugin WmfMedia
LogPluginManager: Mounting plugin TcpMessaging
LogPluginManager: Mounting plugin UdpMessaging
LogPluginManager: Mounting plugin ActorSequence
LogPluginManager: Mounting plugin LevelSequenceEditor
LogPluginManager: Mounting plugin MatineeToLevelSequence
LogPluginManager: Mounting plugin NetcodeUnitTest
LogPluginManager: Mounting plugin NUTUnrealEngine4
LogPluginManager: Mounting plugin OnlineSubsystemGooglePlay
LogPluginManager: Mounting plugin OnlineSubsystemIOS
LogPluginManager: Mounting plugin OnlineSubsystem
LogPluginManager: Mounting plugin OnlineSubsystemNull
LogPluginManager: Mounting plugin OnlineSubsystemUtils
LogPluginManager: Mounting plugin LauncherChunkInstaller
LogPluginManager: Mounting plugin AndroidDeviceProfileSelector
LogPluginManager: Mounting plugin AndroidMoviePlayer
LogPluginManager: Mounting plugin AndroidPermission
LogPluginManager: Mounting plugin AppleImageUtils
LogPluginManager: Mounting plugin AppleMoviePlayer
LogPluginManager: Mounting plugin ArchVisCharacter
LogPluginManager: Mounting plugin AssetTags
LogPluginManager: Mounting plugin AudioCapture
LogPluginManager: Mounting plugin CableComponent
LogPluginManager: Mounting plugin CustomMeshComponent
LogPluginManager: Mounting plugin EditableMesh
LogPluginManager: Mounting plugin ExampleDeviceProfileSelector
LogPluginManager: Mounting plugin GoogleCloudMessaging
LogPluginManager: Mounting plugin IOSDeviceProfileSelector
LogPluginManager: Mounting plugin LinuxDeviceProfileSelector
LogPluginManager: Mounting plugin LocationServicesBPLibrary
LogPluginManager: Mounting plugin MobilePatchingUtils
LogPluginManager: Mounting plugin OculusVR
LogPluginManager: Mounting plugin PhysXVehicles
LogPluginManager: Mounting plugin PostSplashScreen
LogPluginManager: Mounting plugin ProceduralMeshComponent
LogPluginManager: Mounting plugin RuntimePhysXCooking
LogPluginManager: Mounting plugin SignificanceManager
LogPluginManager: Mounting plugin SteamVR
LogPluginManager: Mounting plugin WebMMoviePlayer
LogPluginManager: Mounting plugin WindowsMoviePlayer
LogPluginManager: Mounting plugin ScreenshotTools
LogInit: Using libcurl 7.55.1-DEV
LogInit:  - built for x86_64-pc-win32
LogInit:  - supports SSL with OpenSSL/1.1.1
LogInit:  - supports HTTP deflate (compression) using libz 1.2.8
LogInit:  - other features:
LogInit:      CURL_VERSION_SSL
LogInit:      CURL_VERSION_LIBZ
LogInit:      CURL_VERSION_IPV6
LogInit:      CURL_VERSION_ASYNCHDNS
LogInit:      CURL_VERSION_LARGEFILE
LogInit:      CURL_VERSION_IDN
LogInit:  CurlRequestOptions (configurable via config and command line):
LogInit:  - bVerifyPeer = true  - Libcurl will verify peer certificate
LogInit:  - bUseHttpProxy = false  - Libcurl will NOT use HTTP proxy
LogInit:  - bDontReuseConnections = false  - Libcurl will reuse connections
LogInit:  - MaxHostConnections = 16  - Libcurl will limit the number of connections to a host
LogInit:  - LocalHostAddr = Default
LogInit:  - BufferSize = 65536
LogOnline: OSS: Creating online subsystem instance for: NULL
LogInit: WinSock: version 1.1 (2.2), MaxSocks=32767, MaxUdp=65467
LogOnline: OSS: TryLoadSubsystemAndSetDefault: Loaded subsystem for module [NULL]
LogInit: Build: ++UE4+Release-4.24-CL-11590370
LogInit: Engine Version: 4.24.3-11590370+++UE4+Release-4.24
LogInit: Compatible Engine Version: 4.24.0-10570792+++UE4+Release-4.24
LogInit: Net CL: 10570792
LogInit: OS: Windows 10 (Release 2009) (), CPU: 11th Gen Intel(R) Core(TM) i7-11700F @ 2.50GHz, GPU: NVIDIA GeForce RTX 2060
LogInit: Compiled (64-bit): Feb 24 2020 15:39:18
LogInit: Compiled with Visual C++: 19.16.27032.01
LogInit: Build Configuration: Development
LogInit: Branch Name: ++UE4+Release-4.24
LogInit: Command Line: 
LogInit: Base Directory: C:/Program Files/Epic Games/UE_4.24/Engine/Binaries/Win64/
LogInit: Installed Engine Build: 1
LogDevObjectVersion: Number of dev versions registered: 25
LogDevObjectVersion:   Dev-Blueprints (B0D832E4-1F89-4F0D-ACCF-7EB736FD4AA2): 10
LogDevObjectVersion:   Dev-Build (E1C64328-A22C-4D53-A36C-8E866417BD8C): 0
LogDevObjectVersion:   Dev-Core (375EC13C-06E4-48FB-B500-84F0262A717E): 3
LogDevObjectVersion:   Dev-Editor (E4B068ED-F494-42E9-A231-DA0B2E46BB41): 37
LogDevObjectVersion:   Dev-Framework (CFFC743F-43B0-4480-9391-14DF171D2073): 36
LogDevObjectVersion:   Dev-Mobile (B02B49B5-BB20-44E9-A304-32B752E40360): 2
LogDevObjectVersion:   Dev-Networking (A4E4105C-59A1-49B5-A7C5-40C4547EDFEE): 0
LogDevObjectVersion:   Dev-Online (39C831C9-5AE6-47DC-9A44-9C173E1C8E7C): 0
LogDevObjectVersion:   Dev-Physics (78F01B33-EBEA-4F98-B9B4-84EACCB95AA2): 2
LogDevObjectVersion:   Dev-Platform (6631380F-2D4D-43E0-8009-CF276956A95A): 0
LogDevObjectVersion:   Dev-Rendering (12F88B9F-8875-4AFC-A67C-D90C383ABD29): 36
LogDevObjectVersion:   Dev-Sequencer (7B5AE74C-D270-4C10-A958-57980B212A5A): 11
LogDevObjectVersion:   Dev-VR (D7296918-1DD6-4BDD-9DE2-64A83CC13884): 2
LogDevObjectVersion:   Dev-LoadTimes (C2A15278-BFE7-4AFE-6C17-90FF531DF755): 1
LogDevObjectVersion:   Private-Geometry (6EACA3D4-40EC-4CC1-B786-8BED09428FC5): 3
LogDevObjectVersion:   Dev-AnimPhys (29E575DD-E0A3-4627-9D10-D276232CDCEA): 17
LogDevObjectVersion:   Dev-Anim (AF43A65D-7FD3-4947-9873-3E8ED9C1BB05): 2
LogDevObjectVersion:   Dev-ReflectionCapture (6B266CEC-1EC7-4B8F-A30B-E4D90942FC07): 1
LogDevObjectVersion:   Dev-Automation (0DF73D61-A23F-47EA-B727-89E90C41499A): 1
LogDevObjectVersion:   FortniteMain (601D1886-AC64-4F84-AA16-D3DE0DEAC7D6): 31
LogDevObjectVersion:   Dev-Enterprise (9DFFBCD6-494F-0158-E221-12823C92A888): 8
LogDevObjectVersion:   Dev-Niagara (F2AED0AC-9AFE-416F-8664-AA7FFA26D6FC): 1
LogDevObjectVersion:   Dev-Destruction (174F1F0B-B4C6-45A5-B13F-2EE8D0FB917D): 9
LogDevObjectVersion:   Dev-Physics-Ext (35F94A83-E258-406C-A318-09F59610247C): 8
LogDevObjectVersion:   Dev-CineCamera (B2E18506-4273-CFC2-A54E-F4BB758BBA07): 1
LogInit: Presizing for max 25165824 objects, including 0 objects not considered by GC, pre-allocating 0 bytes for permanent pool.
LogInit: Object subsystem initialized
LogConfig: Setting CVar [[con.DebugEarlyDefault:1]]
LogConfig: Setting CVar [[r.setres:1280x720]]
[2021.08.20-20.16.53:647][  0]LogConfig: Setting CVar [[r.VSync:0]]
[2021.08.20-20.16.53:647][  0]LogConfig: Setting CVar [[r.RHICmdBypass:0]]
[2021.08.20-20.16.53:647][  0]LogConfig: Applying CVar settings from Section [/Script/Engine.RendererSettings] File [C:/Users/micha/OneDrive/OneDrive/Documents/Unreal Projects/GPE104Final/MyProject2/Saved/Config/Windows/Engine.ini]
[2021.08.20-20.16.53:647][  0]LogConfig: Setting CVar [[r.GPUCrashDebugging:0]]
[2021.08.20-20.16.53:647][  0]LogConfig: Applying CVar settings from Section [/Script/Engine.RendererOverrideSettings] File [C:/Users/micha/OneDrive/OneDrive/Documents/Unreal Projects/GPE104Final/MyProject2/Saved/Config/Windows/Engine.ini]
[2021.08.20-20.16.53:647][  0]LogConfig: Applying CVar settings from Section [/Script/Engine.StreamingSettings] File [C:/Users/micha/OneDrive/OneDrive/Documents/Unreal Projects/GPE104Final/MyProject2/Saved/Config/Windows/Engine.ini]
[2021.08.20-20.16.53:647][  0]LogConfig: Setting CVar [[s.MinBulkDataSizeForAsyncLoading:131072]]
[2021.08.20-20.16.53:647][  0]LogConfig: Setting CVar [[s.AsyncLoadingThreadEnabled:0]]
[2021.08.20-20.16.53:647][  0]LogConfig: Setting CVar [[s.EventDrivenLoaderEnabled:1]]
[2021.08.20-20.16.53:647][  0]LogConfig: Setting CVar [[s.WarnIfTimeLimitExceeded:0]]
[2021.08.20-20.16.53:647][  0]LogConfig: Setting CVar [[s.TimeLimitExceededMultiplier:1.5]]
[2021.08.20-20.16.53:647][  0]LogConfig: Setting CVar [[s.TimeLimitExceededMinTime:0.005]]
[2021.08.20-20.16.53:647][  0]LogConfig: Setting CVar [[s.UseBackgroundLevelStreaming:1]]
[2021.08.20-20.16.53:647][  0]LogConfig: Setting CVar [[s.PriorityAsyncLoadingExtraTime:15.0]]
[2021.08.20-20.16.53:647][  0]LogConfig: Setting CVar [[s.LevelStreamingActorsUpdateTimeLimit:5.0]]
[2021.08.20-20.16.53:647][  0]LogConfig: Setting CVar [[s.PriorityLevelStreamingActorsUpdateExtraTime:5.0]]
[2021.08.20-20.16.53:647][  0]LogConfig: Setting CVar [[s.LevelStreamingComponentsRegistrationGranularity:10]]
[2021.08.20-20.16.53:647][  0]LogConfig: Setting CVar [[s.UnregisterComponentsTimeLimit:1.0]]
[2021.08.20-20.16.53:647][  0]LogConfig: Setting CVar [[s.LevelStreamingComponentsUnregistrationGranularity:5]]
[2021.08.20-20.16.53:647][  0]LogConfig: Setting CVar [[s.FlushStreamingOnExit:1]]
[2021.08.20-20.16.53:647][  0]LogConfig: Applying CVar settings from Section [/Script/Engine.GarbageCollectionSettings] File [C:/Users/micha/OneDrive/OneDrive/Documents/Unreal Projects/GPE104Final/MyProject2/Saved/Config/Windows/Engine.ini]
[2021.08.20-20.16.53:647][  0]LogConfig: Setting CVar [[gc.MaxObjectsNotConsideredByGC:1]]
[2021.08.20-20.16.53:647][  0]LogConfig: Setting CVar [[gc.SizeOfPermanentObjectPool:0]]
[2021.08.20-20.16.53:647][  0]LogConfig: Setting CVar [[gc.FlushStreamingOnGC:0]]
[2021.08.20-20.16.53:647][  0]LogConfig: Setting CVar [[gc.NumRetriesBeforeForcingGC:10]]
[2021.08.20-20.16.53:647][  0]LogConfig: Setting CVar [[gc.AllowParallelGC:1]]
[2021.08.20-20.16.53:647][  0]LogConfig: Setting CVar [[gc.TimeBetweenPurgingPendingKillObjects:61.1]]
[2021.08.20-20.16.53:647][  0]LogConfig: Setting CVar [[gc.MaxObjectsInEditor:25165824]]
[2021.08.20-20.16.53:647][  0]LogConfig: Setting CVar [[gc.IncrementalBeginDestroyEnabled:1]]
[2021.08.20-20.16.53:647][  0]LogConfig: Setting CVar [[gc.CreateGCClusters:1]]
[2021.08.20-20.16.53:647][  0]LogConfig: Setting CVar [[gc.MinGCClusterSize:5]]
[2021.08.20-20.16.53:647][  0]LogConfig: Setting CVar [[gc.ActorClusteringEnabled:0]]
[2021.08.20-20.16.53:647][  0]LogConfig: Setting CVar [[gc.BlueprintClusteringEnabled:0]]
[2021.08.20-20.16.53:647][  0]LogConfig: Setting CVar [[gc.UseDisregardForGCOnDedicatedServers:0]]
[2021.08.20-20.16.53:647][  0]LogConfig: Applying CVar settings from Section [/Script/Engine.NetworkSettings] File [C:/Users/micha/OneDrive/OneDrive/Documents/Unreal Projects/GPE104Final/MyProject2/Saved/Config/Windows/Engine.ini]
[2021.08.20-20.16.53:647][  0]LogConfig: Applying CVar settings from Section [/Script/UnrealEd.CookerSettings] File [C:/Users/micha/OneDrive/OneDrive/Documents/Unreal Projects/GPE104Final/MyProject2/Saved/Config/Windows/Engine.ini]
[2021.08.20-20.16.53:650][  0]LogConfig: Applying CVar settings from Section [ViewDistanceQuality@3] File [C:/Users/micha/OneDrive/OneDrive/Documents/Unreal Projects/GPE104Final/MyProject2/Saved/Config/Windows/Scalability.ini]
[2021.08.20-20.16.53:650][  0]LogConfig: Setting CVar [[r.SkeletalMeshLODBias:0]]
[2021.08.20-20.16.53:650][  0]LogConfig: Setting CVar [[r.ViewDistanceScale:1.0]]
[2021.08.20-20.16.53:650][  0]LogConfig: Applying CVar settings from Section [AntiAliasingQuality@3] File [C:/Users/micha/OneDrive/OneDrive/Documents/Unreal Projects/GPE104Final/MyProject2/Saved/Config/Windows/Scalability.ini]
[2021.08.20-20.16.53:650][  0]LogConfig: Setting CVar [[r.PostProcessAAQuality:4]]
[2021.08.20-20.16.53:650][  0]LogConfig: Applying CVar settings from Section [ShadowQuality@3] File [C:/Users/micha/OneDrive/OneDrive/Documents/Unreal Projects/GPE104Final/MyProject2/Saved/Config/Windows/Scalability.ini]
[2021.08.20-20.16.53:650][  0]LogConfig: Setting CVar [[r.LightFunctionQuality:1]]
[2021.08.20-20.16.53:650][  0]LogConfig: Setting CVar [[r.ShadowQuality:5]]
[2021.08.20-20.16.53:650][  0]LogConfig: Setting CVar [[r.Shadow.CSM.MaxCascades:10]]
[2021.08.20-20.16.53:650][  0]LogConfig: Setting CVar [[r.Shadow.MaxResolution:2048]]
[2021.08.20-20.16.53:650][  0]LogConfig: Setting CVar [[r.Shadow.MaxCSMResolution:2048]]
[2021.08.20-20.16.53:650][  0]LogConfig: Setting CVar [[r.Shadow.RadiusThreshold:0.01]]
[2021.08.20-20.16.53:650][  0]LogConfig: Setting CVar [[r.Shadow.DistanceScale:1.0]]
[2021.08.20-20.16.53:650][  0]LogConfig: Setting CVar [[r.Shadow.CSM.TransitionScale:1.0]]
[2021.08.20-20.16.53:650][  0]LogConfig: Setting CVar [[r.Shadow.PreShadowResolutionFactor:1.0]]
[2021.08.20-20.16.53:650][  0]LogConfig: Setting CVar [[r.DistanceFieldShadowing:1]]
[2021.08.20-20.16.53:650][  0]LogConfig: Setting CVar [[r.DistanceFieldAO:1]]
[2021.08.20-20.16.53:650][  0]LogConfig: Setting CVar [[r.AOQuality:2]]
[2021.08.20-20.16.53:650][  0]LogConfig: Setting CVar [[r.VolumetricFog:1]]
[2021.08.20-20.16.53:650][  0]LogConfig: Setting CVar [[r.VolumetricFog.GridPixelSize:8]]
[2021.08.20-20.16.53:650][  0]LogConfig: Setting CVar [[r.VolumetricFog.GridSizeZ:128]]
[2021.08.20-20.16.53:650][  0]LogConfig: Setting CVar [[r.VolumetricFog.HistoryMissSupersampleCount:4]]
[2021.08.20-20.16.53:650][  0]LogConfig: Setting CVar [[r.LightMaxDrawDistanceScale:1]]
[2021.08.20-20.16.53:650][  0]LogConfig: Setting CVar [[r.CapsuleShadows:1]]
[2021.08.20-20.16.53:650][  0]LogConfig: Applying CVar settings from Section [PostProcessQuality@3] File [C:/Users/micha/OneDrive/OneDrive/Documents/Unreal Projects/GPE104Final/MyProject2/Saved/Config/Windows/Scalability.ini]
[2021.08.20-20.16.53:650][  0]LogConfig: Setting CVar [[r.MotionBlurQuality:4]]
[2021.08.20-20.16.53:650][  0]LogConfig: Setting CVar [[r.AmbientOcclusionMipLevelFactor:0.4]]
[2021.08.20-20.16.53:650][  0]LogConfig: Setting CVar [[r.AmbientOcclusionMaxQuality:100]]
[2021.08.20-20.16.53:650][  0]LogConfig: Setting CVar [[r.AmbientOcclusionLevels:-1]]
[2021.08.20-20.16.53:650][  0]LogConfig: Setting CVar [[r.AmbientOcclusionRadiusScale:1.0]]
[2021.08.20-20.16.53:650][  0]LogConfig: Setting CVar [[r.DepthOfFieldQuality:2]]
[2021.08.20-20.16.53:650][  0]LogConfig: Setting CVar [[r.RenderTargetPoolMin:400]]
[2021.08.20-20.16.53:650][  0]LogConfig: Setting CVar [[r.LensFlareQuality:2]]
[2021.08.20-20.16.53:650][  0]LogConfig: Setting CVar [[r.SceneColorFringeQuality:1]]
[2021.08.20-20.16.53:650][  0]LogConfig: Setting CVar [[r.EyeAdaptationQuality:2]]
[2021.08.20-20.16.53:650][  0]LogConfig: Setting CVar [[r.BloomQuality:5]]
[2021.08.20-20.16.53:650][  0]LogConfig: Setting CVar [[r.FastBlurThreshold:100]]
[2021.08.20-20.16.53:650][  0]LogConfig: Setting CVar [[r.Upscale.Quality:3]]
[2021.08.20-20.16.53:650][  0]LogConfig: Setting CVar [[r.Tonemapper.GrainQuantization:1]]
[2021.08.20-20.16.53:650][  0]LogConfig: Setting CVar [[r.LightShaftQuality:1]]
[2021.08.20-20.16.53:650][  0]LogConfig: Setting CVar [[r.Filter.SizeScale:1]]
[2021.08.20-20.16.53:650][  0]LogConfig: Setting CVar [[r.Tonemapper.Quality:5]]
[2021.08.20-20.16.53:650][  0]LogConfig: Setting CVar [[r.DOF.Gather.AccumulatorQuality:1        ; higher gathering accumulator quality]]
[2021.08.20-20.16.53:650][  0]LogConfig: Setting CVar [[r.DOF.Gather.PostfilterMethod:1          ; Median3x3 postfilering method]]
[2021.08.20-20.16.53:650][  0]LogConfig: Setting CVar [[r.DOF.Gather.EnableBokehSettings:0       ; no bokeh simulation when gathering]]
[2021.08.20-20.16.53:650][  0]LogConfig: Setting CVar [[r.DOF.Gather.RingCount:4                 ; medium number of samples when gathering]]
[2021.08.20-20.16.53:650][  0]LogConfig: Setting CVar [[r.DOF.Scatter.ForegroundCompositing:1    ; additive foreground scattering]]
[2021.08.20-20.16.53:650][  0]LogConfig: Setting CVar [[r.DOF.Scatter.BackgroundCompositing:2    ; additive background scattering]]
[2021.08.20-20.16.53:650][  0]LogConfig: Setting CVar [[r.DOF.Scatter.EnableBokehSettings:1      ; bokeh simulation when scattering]]
[2021.08.20-20.16.53:650][  0]LogConfig: Setting CVar [[r.DOF.Scatter.MaxSpriteRatio:0.1         ; only a maximum of 10% of scattered bokeh]]
[2021.08.20-20.16.53:650][  0]LogConfig: Setting CVar [[r.DOF.Recombine.Quality:1                ; cheap slight out of focus]]
[2021.08.20-20.16.53:650][  0]LogConfig: Setting CVar [[r.DOF.Recombine.EnableBokehSettings:0    ; no bokeh simulation on slight out of focus]]
[2021.08.20-20.16.53:650][  0]LogConfig: Setting CVar [[r.DOF.TemporalAAQuality:1                ; more stable temporal accumulation]]
[2021.08.20-20.16.53:650][  0]LogConfig: Setting CVar [[r.DOF.Kernel.MaxForegroundRadius:0.025]]
[2021.08.20-20.16.53:650][  0]LogConfig: Setting CVar [[r.DOF.Kernel.MaxBackgroundRadius:0.025]]
[2021.08.20-20.16.53:650][  0]LogConfig: Applying CVar settings from Section [TextureQuality@3] File [C:/Users/micha/OneDrive/OneDrive/Documents/Unreal Projects/GPE104Final/MyProject2/Saved/Config/Windows/Scalability.ini]
[2021.08.20-20.16.53:650][  0]LogConfig: Setting CVar [[r.Streaming.MipBias:0]]
[2021.08.20-20.16.53:650][  0]LogConfig: Setting CVar [[r.Streaming.AmortizeCPUToGPUCopy:0]]
[2021.08.20-20.16.53:650][  0]LogConfig: Setting CVar [[r.Streaming.MaxNumTexturesToStreamPerFrame:0]]
[2021.08.20-20.16.53:650][  0]LogConfig: Setting CVar [[r.Streaming.Boost:1]]
[2021.08.20-20.16.53:650][  0]LogConfig: Setting CVar [[r.MaxAnisotropy:8]]
[2021.08.20-20.16.53:650][  0]LogConfig: Setting CVar [[r.VT.MaxAnisotropy:8]]
[2021.08.20-20.16.53:650][  0]LogConfig: Setting CVar [[r.Streaming.LimitPoolSizeToVRAM:0]]
[2021.08.20-20.16.53:650][  0]LogConfig: Setting CVar [[r.Streaming.PoolSize:1000]]
[2021.08.20-20.16.53:650][  0]LogConfig: Setting CVar [[r.Streaming.MaxEffectiveScreenSize:0]]
[2021.08.20-20.16.53:650][  0]LogConfig: Applying CVar settings from Section [EffectsQuality@3] File [C:/Users/micha/OneDrive/OneDrive/Documents/Unreal Projects/GPE104Final/MyProject2/Saved/Config/Windows/Scalability.ini]
[2021.08.20-20.16.53:650][  0]LogConfig: Setting CVar [[r.TranslucencyLightingVolumeDim:64]]
[2021.08.20-20.16.53:650][  0]LogConfig: Setting CVar [[r.RefractionQuality:2]]
[2021.08.20-20.16.53:650][  0]LogConfig: Setting CVar [[r.SSR.Quality:3]]
[2021.08.20-20.16.53:650][  0]LogConfig: Setting CVar [[r.SSR.HalfResSceneColor:0]]
[2021.08.20-20.16.53:650][  0]LogConfig: Setting CVar [[r.SceneColorFormat:4]]
[2021.08.20-20.16.53:651][  0]LogConfig: Setting CVar [[r.DetailMode:2]]
[2021.08.20-20.16.53:651][  0]LogConfig: Setting CVar [[r.TranslucencyVolumeBlur:1]]
[2021.08.20-20.16.53:651][  0]LogConfig: Setting CVar [[r.MaterialQualityLevel:1 ; High quality]]
[2021.08.20-20.16.53:651][  0]LogConfig: Setting CVar [[r.SSS.Scale:1]]
[2021.08.20-20.16.53:651][  0]LogConfig: Setting CVar [[r.SSS.SampleSet:2]]
[2021.08.20-20.16.53:651][  0]LogConfig: Setting CVar [[r.SSS.Quality:1]]
[2021.08.20-20.16.53:651][  0]LogConfig: Setting CVar [[r.SSS.HalfRes:1]]
[2021.08.20-20.16.53:651][  0]LogConfig: Setting CVar [[r.SSGI.Quality:3]]
[2021.08.20-20.16.53:651][  0]LogConfig: Setting CVar [[r.EmitterSpawnRateScale:1.0]]
[2021.08.20-20.16.53:651][  0]LogConfig: Setting CVar [[r.ParticleLightQuality:2]]
[2021.08.20-20.16.53:651][  0]LogConfig: Setting CVar [[r.SkyAtmosphere.AerialPerspectiveLUT.FastApplyOnOpaque:1 ; Always have FastSkyLUT 1 in this case to avoid wrong sky]]
[2021.08.20-20.16.53:651][  0]LogConfig: Setting CVar [[r.SkyAtmosphere.AerialPerspectiveLUT.SampleCountPerSlice:1]]
[2021.08.20-20.16.53:651][  0]LogConfig: Setting CVar [[r.SkyAtmosphere.AerialPerspectiveLUT.DepthResolution:16.0]]
[2021.08.20-20.16.53:651][  0]LogConfig: Setting CVar [[r.SkyAtmosphere.FastSkyLUT:1]]
[2021.08.20-20.16.53:651][  0]LogConfig: Setting CVar [[r.SkyAtmosphere.FastSkyLUT.SampleCountMin:4.0]]
[2021.08.20-20.16.53:651][  0]LogConfig: Setting CVar [[r.SkyAtmosphere.FastSkyLUT.SampleCountMax:32.0]]
[2021.08.20-20.16.53:651][  0]LogConfig: Setting CVar [[r.SkyAtmosphere.SampleCountMin:4.0]]
[2021.08.20-20.16.53:651][  0]LogConfig: Setting CVar [[r.SkyAtmosphere.SampleCountMax:32.0]]
[2021.08.20-20.16.53:651][  0]LogConfig: Setting CVar [[r.SkyAtmosphere.TransmittanceLUT.UseSmallFormat:0]]
[2021.08.20-20.16.53:651][  0]LogConfig: Setting CVar [[r.SkyAtmosphere.TransmittanceLUT.SampleCount:10.0]]
[2021.08.20-20.16.53:651][  0]LogConfig: Setting CVar [[r.SkyAtmosphere.MultiScatteringLUT.SampleCount:15.0]]
[2021.08.20-20.16.53:651][  0]LogConfig: Applying CVar settings from Section [FoliageQuality@3] File [C:/Users/micha/OneDrive/OneDrive/Documents/Unreal Projects/GPE104Final/MyProject2/Saved/Config/Windows/Scalability.ini]
[2021.08.20-20.16.53:651][  0]LogConfig: Setting CVar [[foliage.DensityScale:1.0]]
[2021.08.20-20.16.53:651][  0]LogConfig: Setting CVar [[grass.DensityScale:1.0]]
[2021.08.20-20.16.53:651][  0]LogConfig: Applying CVar settings from Section [ShadingQuality@3] File [C:/Users/micha/OneDrive/OneDrive/Documents/Unreal Projects/GPE104Final/MyProject2/Saved/Config/Windows/Scalability.ini]
[2021.08.20-20.16.53:651][  0]LogConfig: Setting CVar [[r.HairStrands.SkyLighting.SampleCount:16]]
[2021.08.20-20.16.53:651][  0]LogConfig: Setting CVar [[r.HairStrands.SkyLighting.JitterIntegration:0]]
[2021.08.20-20.16.53:651][  0]LogConfig: Setting CVar [[r.HairStrands.SkyAO.SampleCount:16]]
[2021.08.20-20.16.53:651][  0]LogInit: Selected Device Profile: [Windows]
[2021.08.20-20.16.53:651][  0]LogInit: Applying CVar settings loaded from the selected device profile: [Windows]
[2021.08.20-20.16.53:653][  0]LogHAL: Display: Platform has ~ 16 GB [17043329024 / 17179869184 / 16], which maps to Larger [LargestMinGB=32, LargerMinGB=12, DefaultMinGB=8, SmallerMinGB=6, SmallestMinGB=0)
[2021.08.20-20.16.53:653][  0]LogInit: Going up to parent DeviceProfile []
[2021.08.20-20.16.53:653][  0]LogConfig: Applying CVar settings from Section [ViewDistanceQuality@3] File [C:/Users/micha/OneDrive/OneDrive/Documents/Unreal Projects/GPE104Final/MyProject2/Saved/Config/Windows/Scalability.ini]
[2021.08.20-20.16.53:653][  0]LogConfig: Setting CVar [[r.SkeletalMeshLODBias:0]]
[2021.08.20-20.16.53:653][  0]LogConfig: Setting CVar [[r.ViewDistanceScale:1.0]]
[2021.08.20-20.16.53:653][  0]LogConfig: Applying CVar settings from Section [AntiAliasingQuality@3] File [C:/Users/micha/OneDrive/OneDrive/Documents/Unreal Projects/GPE104Final/MyProject2/Saved/Config/Windows/Scalability.ini]
[2021.08.20-20.16.53:653][  0]LogConfig: Setting CVar [[r.PostProcessAAQuality:4]]
[2021.08.20-20.16.53:653][  0]LogConfig: Applying CVar settings from Section [ShadowQuality@3] File [C:/Users/micha/OneDrive/OneDrive/Documents/Unreal Projects/GPE104Final/MyProject2/Saved/Config/Windows/Scalability.ini]
[2021.08.20-20.16.53:653][  0]LogConfig: Setting CVar [[r.LightFunctionQuality:1]]
[2021.08.20-20.16.53:653][  0]LogConfig: Setting CVar [[r.ShadowQuality:5]]
[2021.08.20-20.16.53:653][  0]LogConfig: Setting CVar [[r.Shadow.CSM.MaxCascades:10]]
[2021.08.20-20.16.53:653][  0]LogConfig: Setting CVar [[r.Shadow.MaxResolution:2048]]
[2021.08.20-20.16.53:653][  0]LogConfig: Setting CVar [[r.Shadow.MaxCSMResolution:2048]]
[2021.08.20-20.16.53:653][  0]LogConfig: Setting CVar [[r.Shadow.RadiusThreshold:0.01]]
[2021.08.20-20.16.53:653][  0]LogConfig: Setting CVar [[r.Shadow.DistanceScale:1.0]]
[2021.08.20-20.16.53:653][  0]LogConfig: Setting CVar [[r.Shadow.CSM.TransitionScale:1.0]]
[2021.08.20-20.16.53:653][  0]LogConfig: Setting CVar [[r.Shadow.PreShadowResolutionFactor:1.0]]
[2021.08.20-20.16.53:653][  0]LogConfig: Setting CVar [[r.DistanceFieldShadowing:1]]
[2021.08.20-20.16.53:653][  0]LogConfig: Setting CVar [[r.DistanceFieldAO:1]]
[2021.08.20-20.16.53:653][  0]LogConfig: Setting CVar [[r.AOQuality:2]]
[2021.08.20-20.16.53:653][  0]LogConfig: Setting CVar [[r.VolumetricFog:1]]
[2021.08.20-20.16.53:653][  0]LogConfig: Setting CVar [[r.VolumetricFog.GridPixelSize:8]]
[2021.08.20-20.16.53:653][  0]LogConfig: Setting CVar [[r.VolumetricFog.GridSizeZ:128]]
[2021.08.20-20.16.53:653][  0]LogConfig: Setting CVar [[r.VolumetricFog.HistoryMissSupersampleCount:4]]
[2021.08.20-20.16.53:653][  0]LogConfig: Setting CVar [[r.LightMaxDrawDistanceScale:1]]
[2021.08.20-20.16.53:653][  0]LogConfig: Setting CVar [[r.CapsuleShadows:1]]
[2021.08.20-20.16.53:653][  0]LogConfig: Applying CVar settings from Section [PostProcessQuality@3] File [C:/Users/micha/OneDrive/OneDrive/Documents/Unreal Projects/GPE104Final/MyProject2/Saved/Config/Windows/Scalability.ini]
[2021.08.20-20.16.53:653][  0]LogConfig: Setting CVar [[r.MotionBlurQuality:4]]
[2021.08.20-20.16.53:653][  0]LogConfig: Setting CVar [[r.AmbientOcclusionMipLevelFactor:0.4]]
[2021.08.20-20.16.53:653][  0]LogConfig: Setting CVar [[r.AmbientOcclusionMaxQuality:100]]
[2021.08.20-20.16.53:653][  0]LogConfig: Setting CVar [[r.AmbientOcclusionLevels:-1]]
[2021.08.20-20.16.53:653][  0]LogConfig: Setting CVar [[r.AmbientOcclusionRadiusScale:1.0]]
[2021.08.20-20.16.53:653][  0]LogConfig: Setting CVar [[r.DepthOfFieldQuality:2]]
[2021.08.20-20.16.53:653][  0]LogConfig: Setting CVar [[r.RenderTargetPoolMin:400]]
[2021.08.20-20.16.53:653][  0]LogConfig: Setting CVar [[r.LensFlareQuality:2]]
[2021.08.20-20.16.53:653][  0]LogConfig: Setting CVar [[r.SceneColorFringeQuality:1]]
[2021.08.20-20.16.53:653][  0]LogConfig: Setting CVar [[r.EyeAdaptationQuality:2]]
[2021.08.20-20.16.53:653][  0]LogConfig: Setting CVar [[r.BloomQuality:5]]
[2021.08.20-20.16.53:653][  0]LogConfig: Setting CVar [[r.FastBlurThreshold:100]]
[2021.08.20-20.16.53:653][  0]LogConfig: Setting CVar [[r.Upscale.Quality:3]]
[2021.08.20-20.16.53:653][  0]LogConfig: Setting CVar [[r.Tonemapper.GrainQuantization:1]]
[2021.08.20-20.16.53:653][  0]LogConfig: Setting CVar [[r.LightShaftQuality:1]]
[2021.08.20-20.16.53:653][  0]LogConfig: Setting CVar [[r.Filter.SizeScale:1]]
[2021.08.20-20.16.53:653][  0]LogConfig: Setting CVar [[r.Tonemapper.Quality:5]]
[2021.08.20-20.16.53:653][  0]LogConfig: Setting CVar [[r.DOF.Gather.AccumulatorQuality:1        ; higher gathering accumulator quality]]
[2021.08.20-20.16.53:653][  0]LogConfig: Setting CVar [[r.DOF.Gather.PostfilterMethod:1          ; Median3x3 postfilering method]]
[2021.08.20-20.16.53:653][  0]LogConfig: Setting CVar [[r.DOF.Gather.EnableBokehSettings:0       ; no bokeh simulation when gathering]]
[2021.08.20-20.16.53:653][  0]LogConfig: Setting CVar [[r.DOF.Gather.RingCount:4                 ; medium number of samples when gathering]]
[2021.08.20-20.16.53:653][  0]LogConfig: Setting CVar [[r.DOF.Scatter.ForegroundCompositing:1    ; additive foreground scattering]]
[2021.08.20-20.16.53:653][  0]LogConfig: Setting CVar [[r.DOF.Scatter.BackgroundCompositing:2    ; additive background scattering]]
[2021.08.20-20.16.53:653][  0]LogConfig: Setting CVar [[r.DOF.Scatter.EnableBokehSettings:1      ; bokeh simulation when scattering]]
[2021.08.20-20.16.53:653][  0]LogConfig: Setting CVar [[r.DOF.Scatter.MaxSpriteRatio:0.1         ; only a maximum of 10% of scattered bokeh]]
[2021.08.20-20.16.53:653][  0]LogConfig: Setting CVar [[r.DOF.Recombine.Quality:1                ; cheap slight out of focus]]
[2021.08.20-20.16.53:653][  0]LogConfig: Setting CVar [[r.DOF.Recombine.EnableBokehSettings:0    ; no bokeh simulation on slight out of focus]]
[2021.08.20-20.16.53:653][  0]LogConfig: Setting CVar [[r.DOF.TemporalAAQuality:1                ; more stable temporal accumulation]]
[2021.08.20-20.16.53:653][  0]LogConfig: Setting CVar [[r.DOF.Kernel.MaxForegroundRadius:0.025]]
[2021.08.20-20.16.53:653][  0]LogConfig: Setting CVar [[r.DOF.Kernel.MaxBackgroundRadius:0.025]]
[2021.08.20-20.16.53:653][  0]LogConfig: Applying CVar settings from Section [TextureQuality@3] File [C:/Users/micha/OneDrive/OneDrive/Documents/Unreal Projects/GPE104Final/MyProject2/Saved/Config/Windows/Scalability.ini]
[2021.08.20-20.16.53:653][  0]LogConfig: Setting CVar [[r.Streaming.MipBias:0]]
[2021.08.20-20.16.53:654][  0]LogConfig: Setting CVar [[r.Streaming.AmortizeCPUToGPUCopy:0]]
[2021.08.20-20.16.53:654][  0]LogConfig: Setting CVar [[r.Streaming.MaxNumTexturesToStreamPerFrame:0]]
[2021.08.20-20.16.53:654][  0]LogConfig: Setting CVar [[r.Streaming.Boost:1]]
[2021.08.20-20.16.53:654][  0]LogConfig: Setting CVar [[r.MaxAnisotropy:8]]
[2021.08.20-20.16.53:654][  0]LogConfig: Setting CVar [[r.VT.MaxAnisotropy:8]]
[2021.08.20-20.16.53:654][  0]LogConfig: Setting CVar [[r.Streaming.LimitPoolSizeToVRAM:0]]
[2021.08.20-20.16.53:654][  0]LogConfig: Setting CVar [[r.Streaming.PoolSize:1000]]
[2021.08.20-20.16.53:654][  0]LogConfig: Setting CVar [[r.Streaming.MaxEffectiveScreenSize:0]]
[2021.08.20-20.16.53:654][  0]LogConfig: Applying CVar settings from Section [EffectsQuality@3] File [C:/Users/micha/OneDrive/OneDrive/Documents/Unreal Projects/GPE104Final/MyProject2/Saved/Config/Windows/Scalability.ini]
[2021.08.20-20.16.53:654][  0]LogConfig: Setting CVar [[r.TranslucencyLightingVolumeDim:64]]
[2021.08.20-20.16.53:654][  0]LogConfig: Setting CVar [[r.RefractionQuality:2]]
[2021.08.20-20.16.53:654][  0]LogConfig: Setting CVar [[r.SSR.Quality:3]]
[2021.08.20-20.16.53:654][  0]LogConfig: Setting CVar [[r.SSR.HalfResSceneColor:0]]
[2021.08.20-20.16.53:654][  0]LogConfig: Setting CVar [[r.SceneColorFormat:4]]
[2021.08.20-20.16.53:654][  0]LogConfig: Setting CVar [[r.DetailMode:2]]
[2021.08.20-20.16.53:654][  0]LogConfig: Setting CVar [[r.TranslucencyVolumeBlur:1]]
[2021.08.20-20.16.53:654][  0]LogConfig: Setting CVar [[r.MaterialQualityLevel:1 ; High quality]]
[2021.08.20-20.16.53:654][  0]LogConfig: Setting CVar [[r.SSS.Scale:1]]
[2021.08.20-20.16.53:654][  0]LogConfig: Setting CVar [[r.SSS.SampleSet:2]]
[2021.08.20-20.16.53:654][  0]LogConfig: Setting CVar [[r.SSS.Quality:1]]
[2021.08.20-20.16.53:654][  0]LogConfig: Setting CVar [[r.SSS.HalfRes:1]]
[2021.08.20-20.16.53:654][  0]LogConfig: Setting CVar [[r.SSGI.Quality:3]]
[2021.08.20-20.16.53:654][  0]LogConfig: Setting CVar [[r.EmitterSpawnRateScale:1.0]]
[2021.08.20-20.16.53:654][  0]LogConfig: Setting CVar [[r.ParticleLightQuality:2]]
[2021.08.20-20.16.53:654][  0]LogConfig: Setting CVar [[r.SkyAtmosphere.AerialPerspectiveLUT.FastApplyOnOpaque:1 ; Always have FastSkyLUT 1 in this case to avoid wrong sky]]
[2021.08.20-20.16.53:654][  0]LogConfig: Setting CVar [[r.SkyAtmosphere.AerialPerspectiveLUT.SampleCountPerSlice:1]]
[2021.08.20-20.16.53:654][  0]LogConfig: Setting CVar [[r.SkyAtmosphere.AerialPerspectiveLUT.DepthResolution:16.0]]
[2021.08.20-20.16.53:654][  0]LogConfig: Setting CVar [[r.SkyAtmosphere.FastSkyLUT:1]]
[2021.08.20-20.16.53:654][  0]LogConfig: Setting CVar [[r.SkyAtmosphere.FastSkyLUT.SampleCountMin:4.0]]
[2021.08.20-20.16.53:654][  0]LogConfig: Setting CVar [[r.SkyAtmosphere.FastSkyLUT.SampleCountMax:32.0]]
[2021.08.20-20.16.53:654][  0]LogConfig: Setting CVar [[r.SkyAtmosphere.SampleCountMin:4.0]]
[2021.08.20-20.16.53:654][  0]LogConfig: Setting CVar [[r.SkyAtmosphere.SampleCountMax:32.0]]
[2021.08.20-20.16.53:654][  0]LogConfig: Setting CVar [[r.SkyAtmosphere.TransmittanceLUT.UseSmallFormat:0]]
[2021.08.20-20.16.53:654][  0]LogConfig: Setting CVar [[r.SkyAtmosphere.TransmittanceLUT.SampleCount:10.0]]
[2021.08.20-20.16.53:654][  0]LogConfig: Setting CVar [[r.SkyAtmosphere.MultiScatteringLUT.SampleCount:15.0]]
[2021.08.20-20.16.53:654][  0]LogConfig: Applying CVar settings from Section [FoliageQuality@3] File [C:/Users/micha/OneDrive/OneDrive/Documents/Unreal Projects/GPE104Final/MyProject2/Saved/Config/Windows/Scalability.ini]
[2021.08.20-20.16.53:654][  0]LogConfig: Setting CVar [[foliage.DensityScale:1.0]]
[2021.08.20-20.16.53:654][  0]LogConfig: Setting CVar [[grass.DensityScale:1.0]]
[2021.08.20-20.16.53:654][  0]LogConfig: Applying CVar settings from Section [ShadingQuality@3] File [C:/Users/micha/OneDrive/OneDrive/Documents/Unreal Projects/GPE104Final/MyProject2/Saved/Config/Windows/Scalability.ini]
[2021.08.20-20.16.53:654][  0]LogConfig: Setting CVar [[r.HairStrands.SkyLighting.SampleCount:16]]
[2021.08.20-20.16.53:654][  0]LogConfig: Setting CVar [[r.HairStrands.SkyLighting.JitterIntegration:0]]
[2021.08.20-20.16.53:654][  0]LogConfig: Setting CVar [[r.HairStrands.SkyAO.SampleCount:16]]
[2021.08.20-20.16.53:654][  0]LogConfig: Applying CVar settings from Section [Startup] File [../../../Engine/Config/ConsoleVariables.ini]
[2021.08.20-20.16.53:654][  0]LogConfig: Setting CVar [[net.UseAdaptiveNetUpdateFrequency:0]]
[2021.08.20-20.16.53:654][  0]LogConfig: Setting CVar [[p.chaos.AllowCreatePhysxBodies:1]]
[2021.08.20-20.16.53:654][  0]LogConfig: Applying CVar settings from Section [ConsoleVariables] File [C:/Users/micha/OneDrive/OneDrive/Documents/Unreal Projects/GPE104Final/MyProject2/Saved/Config/Windows/Engine.ini]
[2021.08.20-20.16.53:654][  0]LogInit: Computer: DESKTOP-1PGOROT
[2021.08.20-20.16.53:654][  0]LogInit: User: micha
[2021.08.20-20.16.53:654][  0]LogInit: CPU Page size=4096, Cores=8
[2021.08.20-20.16.53:654][  0]LogInit: High frequency timer resolution =10.000000 MHz
[2021.08.20-20.16.53:654][  0]LogMemory: Memory total: Physical=15.9GB (16GB approx)
[2021.08.20-20.16.53:654][  0]LogMemory: Platform Memory Stats for Windows
[2021.08.20-20.16.53:654][  0]LogMemory: Process Physical Memory: 108.02 MB used, 108.02 MB peak
[2021.08.20-20.16.53:654][  0]LogMemory: Process Virtual Memory: 102.39 MB used, 102.39 MB peak
[2021.08.20-20.16.53:654][  0]LogMemory: Physical Memory: 6777.78 MB used,  9476.00 MB free, 16253.79 MB total
[2021.08.20-20.16.53:654][  0]LogMemory: Virtual Memory: 5181.27 MB used,  134212544.00 MB free, 134217728.00 MB total
[2021.08.20-20.16.53:656][  0]LogWindows: WindowsPlatformFeatures enabled
[2021.08.20-20.16.53:664][  0]LogInit: Using OS detected language (en-US).
[2021.08.20-20.16.53:664][  0]LogInit: Using OS detected locale (en-US).
[2021.08.20-20.16.53:664][  0]LogTextLocalizationManager: No specific localization for 'en-US' exists, so the 'en' localization will be used.
[2021.08.20-20.16.53:760][  0]LogInit: Setting process to per monitor DPI aware
[2021.08.20-20.16.53:780][  0]LogSlate: New Slate User Created.  User Index 0, Is Virtual User: 0
[2021.08.20-20.16.53:780][  0]LogSlate: Slate User Registered.  User Index 0, Is Virtual User: 0
[2021.08.20-20.16.53:865][  0]LogHMD: Failed to initialize OpenVR with code 110
[2021.08.20-20.16.53:865][  0]LogD3D11RHI: D3D11 min allowed feature level: 11_0
[2021.08.20-20.16.53:865][  0]LogD3D11RHI: D3D11 max allowed feature level: 11_0
[2021.08.20-20.16.53:865][  0]LogD3D11RHI: D3D11 adapters:
[2021.08.20-20.16.53:952][  0]LogD3D11RHI:    0. 'NVIDIA GeForce RTX 2060' (Feature Level 11_0)
[2021.08.20-20.16.53:952][  0]LogD3D11RHI:       5980/0/8126 MB DedicatedVideo/DedicatedSystem/SharedSystem, Outputs:2, VendorId:0x10de
[2021.08.20-20.16.53:954][  0]LogD3D11RHI:    1. 'Microsoft Basic Render Driver' (Feature Level 11_0)
[2021.08.20-20.16.53:954][  0]LogD3D11RHI:       0/0/8126 MB DedicatedVideo/DedicatedSystem/SharedSystem, Outputs:0, VendorId:0x1414
[2021.08.20-20.16.53:954][  0]LogD3D11RHI: Chosen D3D11 Adapter: 0
[2021.08.20-20.16.53:958][  0]LogD3D11RHI: Creating new Direct3DDevice
[2021.08.20-20.16.53:958][  0]LogD3D11RHI:     GPU DeviceId: 0x1f08 (for the marketing name, search the web for "GPU Device Id")
[2021.08.20-20.16.53:958][  0]LogWindows: EnumDisplayDevices:
[2021.08.20-20.16.53:958][  0]LogWindows:    0. 'NVIDIA GeForce RTX 2060' (P:1 D:1)
[2021.08.20-20.16.53:958][  0]LogWindows:    1. 'NVIDIA GeForce RTX 2060' (P:0 D:1)
[2021.08.20-20.16.53:958][  0]LogWindows:    2. 'NVIDIA GeForce RTX 2060' (P:0 D:0)
[2021.08.20-20.16.53:959][  0]LogWindows:    3. 'NVIDIA GeForce RTX 2060' (P:0 D:0)
[2021.08.20-20.16.53:959][  0]LogWindows: DebugString: FoundDriverCount:4 
[2021.08.20-20.16.53:959][  0]LogD3D11RHI:     Adapter Name: NVIDIA GeForce RTX 2060
[2021.08.20-20.16.53:959][  0]LogD3D11RHI:   Driver Version: 461.92 (internal:27.21.14.6192, unified:461.92)
[2021.08.20-20.16.53:959][  0]LogD3D11RHI:      Driver Date: 3-10-2021
[2021.08.20-20.16.53:959][  0]LogRHI: Texture pool is 4186 MB (70% of 5980 MB)
[2021.08.20-20.16.54:016][  0]LogD3D11RHI: RHI has support for 64 bit atomics
[2021.08.20-20.16.54:016][  0]LogD3D11RHI: Async texture creation enabled
[2021.08.20-20.16.54:027][  0]LogD3D11RHI: GPU Timing Frequency: 1000.000000 (Debug: 2 1)
[2021.08.20-20.16.54:209][  0]LogTargetPlatformManager: Display: Loaded TargetPlatform 'AllDesktop'
[2021.08.20-20.16.54:229][  0]LogTargetPlatformManager: Display: Loaded TargetPlatform 'Android'
[2021.08.20-20.16.54:229][  0]LogTargetPlatformManager: Display: Loaded TargetPlatform 'Android_ASTC'
[2021.08.20-20.16.54:229][  0]LogTargetPlatformManager: Display: Loaded TargetPlatform 'Android_ATC'
[2021.08.20-20.16.54:229][  0]LogTargetPlatformManager: Display: Loaded TargetPlatform 'Android_DXT'
[2021.08.20-20.16.54:229][  0]LogTargetPlatformManager: Display: Loaded TargetPlatform 'Android_ETC1'
[2021.08.20-20.16.54:229][  0]LogTargetPlatformManager: Display: Loaded TargetPlatform 'Android_ETC1a'
[2021.08.20-20.16.54:229][  0]LogTargetPlatformManager: Display: Loaded TargetPlatform 'Android_ETC2'
[2021.08.20-20.16.54:229][  0]LogTargetPlatformManager: Display: Loaded TargetPlatform 'Android_PVRTC'
[2021.08.20-20.16.54:229][  0]LogTargetPlatformManager: Display: Loaded TargetPlatform 'AndroidClient'
[2021.08.20-20.16.54:229][  0]LogTargetPlatformManager: Display: Loaded TargetPlatform 'Android_ASTCClient'
[2021.08.20-20.16.54:229][  0]LogTargetPlatformManager: Display: Loaded TargetPlatform 'Android_ATCClient'
[2021.08.20-20.16.54:229][  0]LogTargetPlatformManager: Display: Loaded TargetPlatform 'Android_DXTClient'
[2021.08.20-20.16.54:229][  0]LogTargetPlatformManager: Display: Loaded TargetPlatform 'Android_ETC1Client'
[2021.08.20-20.16.54:229][  0]LogTargetPlatformManager: Display: Loaded TargetPlatform 'Android_ETC1aClient'
[2021.08.20-20.16.54:229][  0]LogTargetPlatformManager: Display: Loaded TargetPlatform 'Android_ETC2Client'
[2021.08.20-20.16.54:229][  0]LogTargetPlatformManager: Display: Loaded TargetPlatform 'Android_PVRTCClient'
[2021.08.20-20.16.54:229][  0]LogTargetPlatformManager: Display: Loaded TargetPlatform 'Android_Multi'
[2021.08.20-20.16.54:229][  0]LogTargetPlatformManager: Display: Loaded TargetPlatform 'Android_MultiClient'
[2021.08.20-20.16.54:243][  0]LogTargetPlatformManager: Display: Loaded TargetPlatform 'IOSClient'
[2021.08.20-20.16.54:243][  0]LogTargetPlatformManager: Display: Loaded TargetPlatform 'IOS'
[2021.08.20-20.16.54:248][  0]LogTargetPlatformManager: Display: Loaded TargetPlatform 'LinuxNoEditor'
[2021.08.20-20.16.54:253][  0]LogTargetPlatformManager: Display: Loaded TargetPlatform 'LinuxClient'
[2021.08.20-20.16.54:258][  0]LogTargetPlatformManager: Display: Loaded TargetPlatform 'LinuxServer'
[2021.08.20-20.16.54:263][  0]LogTargetPlatformManager: Display: Loaded TargetPlatform 'LinuxAArch64NoEditor'
[2021.08.20-20.16.54:267][  0]LogTargetPlatformManager: Display: Loaded TargetPlatform 'LinuxAArch64Client'
[2021.08.20-20.16.54:272][  0]LogTargetPlatformManager: Display: Loaded TargetPlatform 'LinuxAArch64Server'
[2021.08.20-20.16.54:291][  0]LogTargetPlatformManager: Display: Loaded TargetPlatform 'Lumin'
[2021.08.20-20.16.54:291][  0]LogTargetPlatformManager: Display: Loaded TargetPlatform 'LuminClient'
[2021.08.20-20.16.54:302][  0]LogTargetPlatformManager: Display: Loaded TargetPlatform 'TVOSClient'
[2021.08.20-20.16.54:302][  0]LogTargetPlatformManager: Display: Loaded TargetPlatform 'TVOS'
[2021.08.20-20.16.54:307][  0]LogTargetPlatformManager: Display: Loaded TargetPlatform 'WindowsNoEditor'
[2021.08.20-20.16.54:313][  0]LogTargetPlatformManager: Display: Loaded TargetPlatform 'Windows'
[2021.08.20-20.16.54:318][  0]LogTargetPlatformManager: Display: Loaded TargetPlatform 'WindowsClient'
[2021.08.20-20.16.54:323][  0]LogTargetPlatformManager: Display: Loaded TargetPlatform 'WindowsServer'
[2021.08.20-20.16.54:323][  0]LogTargetPlatformManager: Display: Building Assets For Windows
[2021.08.20-20.16.54:325][  0]LogAudioDebug: Display: Lib vorbis DLL was dynamically loaded.
[2021.08.20-20.16.54:338][  0]LogShaderCompilers: Guid format shader working directory is -50 characters bigger than the processId version (../../../../../../Users/micha/OneDrive/OneDrive/Documents/Unreal Projects/GPE104Final/MyProject2/Intermediate/Shaders/WorkingDirectory/2812/).
[2021.08.20-20.16.54:338][  0]LogShaderCompilers: Cleaned the shader compiler working directory 'C:/Users/micha/AppData/Local/Temp/UnrealShaderWorkingDir/BF4E67A34FAE93D76C47EB9B7DF8DD9C/'.
[2021.08.20-20.16.54:338][  0]LogXGEController: Cannot use XGE Controller as Incredibuild is not installed on this machine.
[2021.08.20-20.16.54:338][  0]LogShaderCompilers: Cannot use XGE Shader Compiler as Incredibuild is not installed on this machine.
[2021.08.20-20.16.54:338][  0]LogShaderCompilers: Display: Using Local Shader Compiler.
[2021.08.20-20.16.54:828][  0]LogDerivedDataCache: Display: Max Cache Size: 512 MB
[2021.08.20-20.16.54:868][  0]LogDerivedDataCache: Loaded boot cache 0.04s 78MB C:/Users/micha/AppData/Local/UnrealEngine/4.24/DerivedDataCache/Boot.ddc.
[2021.08.20-20.16.54:868][  0]LogDerivedDataCache: Display: Loaded Boot cache: C:/Users/micha/AppData/Local/UnrealEngine/4.24/DerivedDataCache/Boot.ddc
[2021.08.20-20.16.54:868][  0]LogDerivedDataCache: FDerivedDataBackendGraph:  Pak pak cache file ../../../../../../Users/micha/OneDrive/OneDrive/Documents/Unreal Projects/GPE104Final/MyProject2/DerivedDataCache/DDC.ddp not found, will not use a pak cache.
[2021.08.20-20.16.54:868][  0]LogDerivedDataCache: Unable to find inner node Pak for hierarchical cache Hierarchy.
[2021.08.20-20.16.54:868][  0]LogDerivedDataCache: FDerivedDataBackendGraph:  CompressedPak pak cache file ../../../../../../Users/micha/OneDrive/OneDrive/Documents/Unreal Projects/GPE104Final/MyProject2/DerivedDataCache/Compressed.ddp not found, will not use a pak cache.
[2021.08.20-20.16.54:868][  0]LogDerivedDataCache: Unable to find inner node CompressedPak for hierarchical cache Hierarchy.
[2021.08.20-20.16.54:875][  0]LogDerivedDataCache: Display: Pak cache opened for reading ../../../Engine/DerivedDataCache/Compressed.ddp.
[2021.08.20-20.16.54:875][  0]LogDerivedDataCache: FDerivedDataBackendGraph:  EnterprisePak pak cache file ../../../Enterprise/DerivedDataCache/Compressed.ddp not found, will not use a pak cache.
[2021.08.20-20.16.54:875][  0]LogDerivedDataCache: Unable to find inner node EnterprisePak for hierarchical cache Hierarchy.
[2021.08.20-20.16.54:876][  0]LogDerivedDataCache: Using Local data cache path C:/Users/micha/AppData/Local/UnrealEngine/Common/DerivedDataCache: Writable
[2021.08.20-20.16.54:876][  0]LogDerivedDataCache: Shared data cache path not found in *engine.ini, will not use an Shared cache.
[2021.08.20-20.16.54:876][  0]LogDerivedDataCache: Unable to find inner node Shared for hierarchical cache Hierarchy.
[2021.08.20-20.16.54:892][  0]LogMaterial: Verifying Global Shaders for PCD3D_SM5
[2021.08.20-20.16.54:893][  0]LogSlate: Using FreeType 2.10.0
[2021.08.20-20.16.54:894][  0]LogSlate: SlateFontServices - WITH_FREETYPE: 1, WITH_HARFBUZZ: 1
[2021.08.20-20.16.54:925][  0]LogAssetRegistry: FAssetRegistry took 0.0018 seconds to start up
[2021.08.20-20.16.55:119][  0]LogInit: Selected Device Profile: [Windows]
[2021.08.20-20.16.55:217][  0]LogMeshReduction: Using QuadricMeshReduction for automatic static mesh reduction
[2021.08.20-20.16.55:217][  0]LogMeshReduction: Using SimplygonMeshReduction for automatic skeletal mesh reduction
[2021.08.20-20.16.55:217][  0]LogMeshReduction: Using ProxyLODMeshReduction for automatic mesh merging
[2021.08.20-20.16.55:217][  0]LogMeshReduction: No distributed automatic mesh merging module available
[2021.08.20-20.16.55:217][  0]LogMeshMerging: No distributed automatic mesh merging module available
[2021.08.20-20.16.55:227][  0]LogNetVersion: GPEFinal 1.0.0, NetCL: 10570792, EngineNetVer: 13, GameNetVer: 0 (Checksum: 1159706437)
[2021.08.20-20.16.55:846][  0]LogPackageLocalizationCache: Processed 10 localized package path(s) for 1 prioritized culture(s) in 0.021352 seconds
[2021.08.20-20.16.55:851][  0]LogUObjectArray: 46750 objects as part of root set at end of initial load.
[2021.08.20-20.16.55:851][  0]LogUObjectAllocator: 8137160 out of 0 bytes used by permanent object pool.
[2021.08.20-20.16.55:851][  0]LogUObjectArray: CloseDisregardForGC: 0/0 objects in disregard for GC pool
[2021.08.20-20.16.56:085][  0]LogTcpMessaging: Initializing TcpMessaging bridge
[2021.08.20-20.16.56:087][  0]LogUdpMessaging: Initializing bridge on interface 0.0.0.0:0 to multicast group 230.0.0.1:6666.
[2021.08.20-20.16.56:116][  0]SourceControl: Source control is disabled
[2021.08.20-20.16.56:116][  0]SourceControl: Source control is disabled
[2021.08.20-20.16.56:117][  0]SourceControl: Source control is disabled
[2021.08.20-20.16.56:117][  0]SourceControl: Source control is disabled
[2021.08.20-20.16.56:117][  0]SourceControl: Source control is disabled
[2021.08.20-20.16.56:173][  0]LogAndroidPermission: UAndroidPermissionCallbackProxy::GetInstance
[2021.08.20-20.16.56:179][  0]LogAudioCaptureCore: Display: No Audio Capture implementations found. Audio input will be silent.
[2021.08.20-20.16.56:179][  0]LogAudioCaptureCore: Display: No Audio Capture implementations found. Audio input will be silent.
[2021.08.20-20.16.56:238][  0]LogOcInput: OculusInput pre-init called
[2021.08.20-20.16.56:243][  0]LogWindows: Failed to load 'OVRPlugin.dll' (GetLastError=126)
[2021.08.20-20.16.56:243][  0]LogWindows: File 'OVRPlugin.dll' does not exist
[2021.08.20-20.16.56:284][  0]LogEngine: Initializing Engine...
[2021.08.20-20.16.56:285][  0]LogHMD: Failed to initialize OpenVR with code 110
[2021.08.20-20.16.56:286][  0]LogStats: UGameplayTagsManager::InitializeManager -  0.000 s
[2021.08.20-20.16.56:502][  0]LogInit: Initializing FReadOnlyCVARCache
[2021.08.20-20.16.56:506][  0]LogAIModule: Creating AISystem for world Untitled
[2021.08.20-20.16.56:517][  0]LogAudioMixer: Display: Audio Mixer Platform Settings:
[2021.08.20-20.16.56:517][  0]LogAudioMixer: Display: 	Sample Rate:						  48000
[2021.08.20-20.16.56:517][  0]LogAudioMixer: Display: 	Callback Buffer Frame Size Requested: 1024
[2021.08.20-20.16.56:517][  0]LogAudioMixer: Display: 	Callback Buffer Frame Size To Use:	  1024
[2021.08.20-20.16.56:517][  0]LogAudioMixer: Display: 	Number of buffers to queue:			  2
[2021.08.20-20.16.56:517][  0]LogAudioMixer: Display: 	Max Channels (voices):				  32
[2021.08.20-20.16.56:517][  0]LogAudioMixer: Display: 	Number of Async Source Workers:		  0
[2021.08.20-20.16.56:517][  0]LogAudio: Display: AudioDevice MaxSources: 32
[2021.08.20-20.16.56:518][  0]LogAudio: Display: Using built-in audio occlusion.
[2021.08.20-20.16.56:518][  0]LogAudioMixer: Display: Initializing audio mixer.
[2021.08.20-20.16.56:524][  0]LogAudioMixer: Display: Audio Device Output Speaker Info:
[2021.08.20-20.16.56:524][  0]LogAudioMixer: Display: Name: Speakers (Realtek High Definition Audio)
[2021.08.20-20.16.56:524][  0]LogAudioMixer: Display: Is Default: Yes
[2021.08.20-20.16.56:524][  0]LogAudioMixer: Display: Sample Rate: 48000
[2021.08.20-20.16.56:524][  0]LogAudioMixer: Display: Channel Count Used: 2
[2021.08.20-20.16.56:524][  0]LogAudioMixer: Display: Device Channel Count: 2
[2021.08.20-20.16.56:524][  0]LogAudioMixer: Display: Channel Order:
[2021.08.20-20.16.56:524][  0]LogAudioMixer: Display: 0: FrontLeft
[2021.08.20-20.16.56:524][  0]LogAudioMixer: Display: 1: FrontRight
[2021.08.20-20.16.56:533][  0]LogAudioMixer: Display: Using Audio Device Speakers (Realtek High Definition Audio)
[2021.08.20-20.16.56:539][  0]LogInit: FAudioDevice initialized.
[2021.08.20-20.16.56:539][  0]LogNetVersion: Set ProjectVersion to 1.0.0.0. Version Checksum will be recalculated on next use.
[2021.08.20-20.16.56:573][  0]LogDerivedDataCache: Saved boot cache 0.03s 78MB C:/Users/micha/AppData/Local/UnrealEngine/4.24/DerivedDataCache/Boot.ddc.
[2021.08.20-20.16.56:573][  0]LogInit: Texture streaming: Enabled
[2021.08.20-20.16.56:579][  0]LogEngineSessionManager: EngineSessionManager initialized
[2021.08.20-20.16.56:579][  0]LogEditorSessionSummary: Verbose: Initializing EditorSessionSummaryWriter for editor session tracking
[2021.08.20-20.16.56:580][  0]LogEditorSessionSummary: EditorSessionSummaryWriter initialized
[2021.08.20-20.16.56:602][  0]LogInit: Transaction tracking system initialized
[2021.08.20-20.16.56:607][  0]BlueprintLog: New page: Editor Load
[2021.08.20-20.16.56:622][  0]LocalizationService: Localization service is disabled
[2021.08.20-20.16.56:787][  0]LogFileCache: Scanning file cache for directory 'C:/Users/micha/OneDrive/OneDrive/Documents/Unreal Projects/GPE104Final/MyProject2/Content/' took 0.00s
[2021.08.20-20.16.56:787][  0]LogCook: Display: Max memory allowance for cook 16384mb min free memory 0mb
[2021.08.20-20.16.56:787][  0]LogCook: Display: Mobile HDR setting 1
[2021.08.20-20.16.57:167][  0]SourceControl: Source control is disabled
[2021.08.20-20.16.57:168][  0]LightingResults: New page: Lighting Build
[2021.08.20-20.16.57:168][  0]LogWorld: UWorld::CleanupWorld for Untitled, bSessionEnded=true, bCleanupResources=true
[2021.08.20-20.16.57:168][  0]LogSlate: InvalidateAllWidgets triggered.  All widgets were invalidated
[2021.08.20-20.16.57:168][  0]MapCheck: New page: Map Check
[2021.08.20-20.16.57:168][  0]LightingResults: New page: Lighting Build
[2021.08.20-20.16.57:196][  0]LogUObjectHash: Compacting FUObjectHashTables data took   0.99ms
[2021.08.20-20.16.57:454][  0]LogAIModule: Creating AISystem for world FirstPersonExampleMap
[2021.08.20-20.16.57:469][  0]LogEditorServer: Finished looking for orphan Actors (0.000 secs)
[2021.08.20-20.16.57:496][  0]LogUObjectHash: Compacting FUObjectHashTables data took   1.33ms
[2021.08.20-20.16.57:497][  0]Cmd: MAP CHECKDEP NOCLEARLOG
[2021.08.20-20.16.57:497][  0]MapCheck: Map check complete: 0 Error(s), 0 Warning(s), took 0.143ms to complete.
[2021.08.20-20.16.57:497][  0]LogFileHelpers: Loading map 'FirstPersonExampleMap' took 0.329
[2021.08.20-20.16.57:604][  0]LogSlate: Updating window title bar state: overlay mode, drag disabled, window buttons hidden, title bar hidden
[2021.08.20-20.16.57:608][  0]LogSlate: Updating window title bar state: overlay mode, drag disabled, window buttons hidden, title bar hidden
[2021.08.20-20.16.57:612][  0]LogSlate: Updating window title bar state: overlay mode, drag disabled, window buttons hidden, title bar hidden
[2021.08.20-20.16.57:616][  0]LogSlate: Updating window title bar state: overlay mode, drag disabled, window buttons hidden, title bar hidden
[2021.08.20-20.16.57:619][  0]LogCollectionManager: Loaded 0 collections in 0.001082 seconds
[2021.08.20-20.16.57:627][  0]LogFileCache: Scanning file cache for directory 'C:/Users/micha/OneDrive/OneDrive/Documents/Unreal Projects/GPE104Final/MyProject2/Saved/Collections/' took 0.00s
[2021.08.20-20.16.57:627][  0]LogFileCache: Scanning file cache for directory 'C:/Users/micha/OneDrive/OneDrive/Documents/Unreal Projects/GPE104Final/MyProject2/Content/Developers/micha/Collections/' took 0.00s
[2021.08.20-20.16.57:627][  0]LogFileCache: Scanning file cache for directory 'C:/Users/micha/OneDrive/OneDrive/Documents/Unreal Projects/GPE104Final/MyProject2/Content/Collections/' took 0.00s
[2021.08.20-20.16.57:627][  0]LogContentBrowser: Native class hierarchy populated in 0.0053 seconds. Added 3015 classes and 717 folders.
[2021.08.20-20.16.57:628][  0]LogContentBrowser: Native class hierarchy updated for 'WidgetCarousel' in 0.0002 seconds. Added 0 classes and 0 folders.
[2021.08.20-20.16.57:658][  0]LogContentBrowser: Native class hierarchy updated for 'AddContentDialog' in 0.0002 seconds. Added 0 classes and 0 folders.
[2021.08.20-20.16.57:661][  0]LogContentBrowser: Native class hierarchy updated for 'SceneOutliner' in 0.0002 seconds. Added 2 classes and 3 folders.
[2021.08.20-20.16.57:735][  0]LogSlate: Took 0.000152 seconds to synchronously load lazily loaded font '../../../Engine/Content/Slate/Fonts/Roboto-Regular.ttf' (155K)
[2021.08.20-20.16.57:737][  0]LogSlate: Took 0.000098 seconds to synchronously load lazily loaded font '../../../Engine/Content/Slate/Fonts/Roboto-Bold.ttf' (160K)
[2021.08.20-20.16.57:740][  0]LogSlate: Took 0.000109 seconds to synchronously load lazily loaded font '../../../Engine/Content/Editor/Slate/Fonts/FontAwesome.ttf' (139K)
[2021.08.20-20.16.57:788][  0]LogRenderer: Reallocating scene render targets to support 1268x628 Format 10 NumSamples 1 (Frame:1).
[2021.08.20-20.16.57:892][  0]LogContentBrowser: Native class hierarchy updated for 'HierarchicalLODOutliner' in 0.0002 seconds. Added 0 classes and 0 folders.
[2021.08.20-20.16.57:892][  0]LogLoad: (Engine Initialization) Total time: 4.95 seconds
[2021.08.20-20.16.57:892][  0]LogLoad: (Engine Initialization) Total Blueprint compile time: 0.00 seconds
[2021.08.20-20.16.57:924][  0]LogAssetRegistry: Asset discovery search completed in 2.9989 seconds
[2021.08.20-20.16.57:926][  0]LogCollectionManager: Fixed up redirectors for 0 collections in 0.000005 seconds (updated 0 objects)
[2021.08.20-20.16.57:927][  0]LogContentStreaming: Texture pool size now 1000 MB
[2021.08.20-20.16.58:002][  0]LogSlate: Took 0.000119 seconds to synchronously load lazily loaded font '../../../Engine/Content/Slate/Fonts/Roboto-Light.ttf' (167K)
[2021.08.20-20.27.41:863][669]LogSlate: Took 0.000117 seconds to synchronously load lazily loaded font '../../../Engine/Content/Slate/Fonts/Roboto-Light.ttf' (167K)
[2021.08.20-20.27.41:884][669]LogAIModule: Creating AISystem for world MainMenu
[2021.08.20-20.27.41:885][669]LogAssetEditorSubsystem: Opening Asset editor for World /Game/FirstPersonBP/Maps/MainMenu.MainMenu
[2021.08.20-20.27.41:914][669]LogUObjectHash: Compacting FUObjectHashTables data took   1.35ms
[2021.08.20-20.27.41:915][669]Cmd: MAP LOAD FILE="../../../../../../Users/micha/OneDrive/OneDrive/Documents/Unreal Projects/GPE104Final/MyProject2/Content/FirstPersonBP/Maps/MainMenu.umap" TEMPLATE=0 SHOWPROGRESS=1 FEATURELEVEL=3
[2021.08.20-20.27.41:915][669]LightingResults: New page: Lighting Build
[2021.08.20-20.27.41:915][669]LoadErrors: New page: Loading map: MainMenu.umap
[2021.08.20-20.27.41:916][669]LogWorld: UWorld::CleanupWorld for FirstPersonExampleMap, bSessionEnded=true, bCleanupResources=true
[2021.08.20-20.27.41:916][669]LogSlate: InvalidateAllWidgets triggered.  All widgets were invalidated
[2021.08.20-20.27.41:916][669]MapCheck: New page: Map Check
[2021.08.20-20.27.41:916][669]LightingResults: New page: Lighting Build
[2021.08.20-20.27.41:945][669]LogUObjectHash: Compacting FUObjectHashTables data took   1.04ms
[2021.08.20-20.27.42:016][669]LogEditorServer: Finished looking for orphan Actors (0.000 secs)
[2021.08.20-20.27.42:044][669]LogUObjectHash: Compacting FUObjectHashTables data took   0.98ms
[2021.08.20-20.27.42:054][669]Cmd: MAP CHECKDEP NOCLEARLOG
[2021.08.20-20.27.42:054][669]MapCheck: Map check complete: 0 Error(s), 0 Warning(s), took 0.105ms to complete.
[2021.08.20-20.27.42:054][669]LogFileHelpers: Loading map 'MainMenu' took 0.140
[2021.08.20-20.27.43:013][781]LogEditorViewport: Clicking Background
[2021.08.20-20.27.44:403][945]LogTemp: Repeating last play command: Selected Viewport
[2021.08.20-20.27.44:415][945]LogBlueprintUserMessages: Early PlayInEditor Detection: Level '/Game/FirstPersonBP/Maps/MainMenu.MainMenu:PersistentLevel' has LevelScriptBlueprint '/Game/FirstPersonBP/Maps/MainMenu.MainMenu:PersistentLevel.MainMenu' with GeneratedClass '/Game/FirstPersonBP/Maps/MainMenu.MainMenu_C' with ClassGeneratedBy '/Game/FirstPersonBP/Maps/MainMenu.MainMenu:PersistentLevel.MainMenu'
[2021.08.20-20.27.44:418][945]LogPlayLevel: PlayLevel: No blueprints needed recompiling
[2021.08.20-20.27.44:419][945]PIE: New page: PIE session: MainMenu (Aug 20, 2021, 6:27:44 AM)
[2021.08.20-20.27.44:420][945]LogOnline: OSS: Creating online subsystem instance for: NULL
[2021.08.20-20.27.44:423][945]LogOnline: OSS: TryLoadSubsystemAndSetDefault: Loaded subsystem for module [NULL]
[2021.08.20-20.27.44:425][945]LogPlayLevel: Creating play world package: /Game/FirstPersonBP/Maps/UEDPIE_0_MainMenu
[2021.08.20-20.27.44:427][945]LogPlayLevel: PIE: StaticDuplicateObject took: (0.001575s)
[2021.08.20-20.27.44:428][945]LogAIModule: Creating AISystem for world MainMenu
[2021.08.20-20.27.44:429][945]LogPlayLevel: PIE: World Init took: (0.002336s)
[2021.08.20-20.27.44:429][945]LogPlayLevel: PIE: Created PIE world by copying editor world from /Game/FirstPersonBP/Maps/MainMenu.MainMenu to /Game/FirstPersonBP/Maps/UEDPIE_0_MainMenu.MainMenu (0.004153s)
[2021.08.20-20.27.44:457][945]LogUObjectHash: Compacting FUObjectHashTables data took   0.93ms
[2021.08.20-20.27.44:458][945]LogAudioMixer: Display: Audio Mixer Platform Settings:
[2021.08.20-20.27.44:458][945]LogAudioMixer: Display: 	Sample Rate:						  48000
[2021.08.20-20.27.44:458][945]LogAudioMixer: Display: 	Callback Buffer Frame Size Requested: 1024
[2021.08.20-20.27.44:458][945]LogAudioMixer: Display: 	Callback Buffer Frame Size To Use:	  1024
[2021.08.20-20.27.44:458][945]LogAudioMixer: Display: 	Number of buffers to queue:			  2
[2021.08.20-20.27.44:458][945]LogAudioMixer: Display: 	Max Channels (voices):				  32
[2021.08.20-20.27.44:458][945]LogAudioMixer: Display: 	Number of Async Source Workers:		  0
[2021.08.20-20.27.44:458][945]LogAudio: Display: AudioDevice MaxSources: 32
[2021.08.20-20.27.44:458][945]LogAudio: Display: Using built-in audio occlusion.
[2021.08.20-20.27.44:458][945]LogAudioMixer: Display: Initializing audio mixer.
[2021.08.20-20.27.44:461][945]LogAudioMixer: Display: Audio Device Output Speaker Info:
[2021.08.20-20.27.44:461][945]LogAudioMixer: Display: Name: Speakers (Realtek High Definition Audio)
[2021.08.20-20.27.44:461][945]LogAudioMixer: Display: Is Default: Yes
[2021.08.20-20.27.44:461][945]LogAudioMixer: Display: Sample Rate: 48000
[2021.08.20-20.27.44:461][945]LogAudioMixer: Display: Channel Count Used: 2
[2021.08.20-20.27.44:461][945]LogAudioMixer: Display: Device Channel Count: 2
[2021.08.20-20.27.44:461][945]LogAudioMixer: Display: Channel Order:
[2021.08.20-20.27.44:461][945]LogAudioMixer: Display: 0: FrontLeft
[2021.08.20-20.27.44:461][945]LogAudioMixer: Display: 1: FrontRight
[2021.08.20-20.27.44:467][945]LogAudioMixer: Display: Using Audio Device Speakers (Realtek High Definition Audio)
[2021.08.20-20.27.44:468][945]LogInit: FAudioDevice initialized.
[2021.08.20-20.27.44:479][945]LogLoad: Game class is 'MainMenuGameMode_C'
[2021.08.20-20.27.44:480][945]LogWorld: Bringing World /Game/FirstPersonBP/Maps/UEDPIE_0_MainMenu.MainMenu up for play (max tick rate 0) at 2021.08.20-13.27.44
[2021.08.20-20.27.44:482][945]LogWorld: Bringing up level for play took: 0.002492
[2021.08.20-20.27.44:484][945]LogOnline: OSS: Creating online subsystem instance for: :Context_3
[2021.08.20-20.27.44:502][945]LogContentBrowser: Native class hierarchy updated for 'MovieSceneCapture' in 0.0003 seconds. Added 20 classes and 0 folders.
[2021.08.20-20.27.44:522][945]PIE: Play in editor start time for /Game/FirstPersonBP/Maps/UEDPIE_0_MainMenu -0.475
[2021.08.20-20.27.44:522][945]LogBlueprintUserMessages: Late PlayInEditor Detection: Level '/Game/FirstPersonBP/Maps/MainMenu.MainMenu:PersistentLevel' has LevelScriptBlueprint '/Game/FirstPersonBP/Maps/MainMenu.MainMenu:PersistentLevel.MainMenu' with GeneratedClass '/Game/FirstPersonBP/Maps/MainMenu.MainMenu_C' with ClassGeneratedBy '/Game/FirstPersonBP/Maps/MainMenu.MainMenu:PersistentLevel.MainMenu'
[2021.08.20-20.27.48:992][475]LogAudioMixer: Display: No commands were queued while flushing the source manager.
[2021.08.20-20.27.49:011][475]LogAudioMixer: Display: Flush succeeded in the source manager command queue (1).
[2021.08.20-20.27.49:031][475]LogAudioMixer: Display: Flush succeeded the source manager command queue (2).
[2021.08.20-20.27.49:033][475]LogBlueprintUserMessages: Early EndPlayMap Detection: Level '/Game/FirstPersonBP/Maps/MainMenu.MainMenu:PersistentLevel' has LevelScriptBlueprint '/Game/FirstPersonBP/Maps/MainMenu.MainMenu:PersistentLevel.MainMenu' with GeneratedClass '/Game/FirstPersonBP/Maps/MainMenu.MainMenu_C' with ClassGeneratedBy '/Game/FirstPersonBP/Maps/MainMenu.MainMenu:PersistentLevel.MainMenu'
[2021.08.20-20.27.49:035][475]LogSlate: Updating window title bar state: overlay mode, drag disabled, window buttons hidden, title bar hidden
[2021.08.20-20.27.49:035][475]LogWorld: BeginTearingDown for /Game/FirstPersonBP/Maps/UEDPIE_0_MainMenu
[2021.08.20-20.27.49:035][475]LogAudioMixer: Display: No commands were queued while flushing the source manager.
[2021.08.20-20.27.49:035][475]LogWorld: UWorld::CleanupWorld for MainMenu, bSessionEnded=true, bCleanupResources=true
[2021.08.20-20.27.49:036][475]LogSlate: InvalidateAllWidgets triggered.  All widgets were invalidated
[2021.08.20-20.27.49:042][475]LogPlayLevel: Display: Shutting down PIE online subsystems
[2021.08.20-20.27.49:042][475]LogBlueprintUserMessages: Late EndPlayMap Detection: Level '/Game/FirstPersonBP/Maps/MainMenu.MainMenu:PersistentLevel' has LevelScriptBlueprint '/Game/FirstPersonBP/Maps/MainMenu.MainMenu:PersistentLevel.MainMenu' with GeneratedClass '/Game/FirstPersonBP/Maps/MainMenu.MainMenu_C' with ClassGeneratedBy '/Game/FirstPersonBP/Maps/MainMenu.MainMenu:PersistentLevel.MainMenu'
[2021.08.20-20.27.49:044][475]LogSlate: InvalidateAllWidgets triggered.  All widgets were invalidated
[2021.08.20-20.27.49:072][475]LogAudioMixer: Display: No commands were queued while flushing the source manager.
[2021.08.20-20.27.49:075][475]LogSlate: Updating window title bar state: overlay mode, drag disabled, window buttons hidden, title bar hidden
[2021.08.20-20.27.49:076][475]LogUObjectHash: Compacting FUObjectHashTables data took   1.09ms
[2021.08.20-20.27.49:092][477]LogPlayLevel: Display: Destroying online subsystem :Context_3
[2021.08.20-20.27.49:852][566]LogTemp: Repeating last play command: Selected Viewport
[2021.08.20-20.27.49:858][566]LogBlueprintUserMessages: Early PlayInEditor Detection: Level '/Game/FirstPersonBP/Maps/MainMenu.MainMenu:PersistentLevel' has LevelScriptBlueprint '/Game/FirstPersonBP/Maps/MainMenu.MainMenu:PersistentLevel.MainMenu' with GeneratedClass '/Game/FirstPersonBP/Maps/MainMenu.MainMenu_C' with ClassGeneratedBy '/Game/FirstPersonBP/Maps/MainMenu.MainMenu:PersistentLevel.MainMenu'
[2021.08.20-20.27.49:858][566]LogPlayLevel: PlayLevel: No blueprints needed recompiling
[2021.08.20-20.27.49:858][566]PIE: New page: PIE session: MainMenu (Aug 20, 2021, 6:27:49 AM)
[2021.08.20-20.27.49:858][566]LogPlayLevel: Creating play world package: /Game/FirstPersonBP/Maps/UEDPIE_0_MainMenu
[2021.08.20-20.27.49:859][566]LogPlayLevel: PIE: StaticDuplicateObject took: (0.000803s)
[2021.08.20-20.27.49:859][566]LogAIModule: Creating AISystem for world MainMenu
[2021.08.20-20.27.49:859][566]LogPlayLevel: PIE: World Init took: (0.000588s)
[2021.08.20-20.27.49:859][566]LogPlayLevel: PIE: Created PIE world by copying editor world from /Game/FirstPersonBP/Maps/MainMenu.MainMenu to /Game/FirstPersonBP/Maps/UEDPIE_0_MainMenu.MainMenu (0.001457s)
[2021.08.20-20.27.49:887][566]LogUObjectHash: Compacting FUObjectHashTables data took   0.83ms
[2021.08.20-20.27.49:888][566]LogAudioMixer: Display: Audio Mixer Platform Settings:
[2021.08.20-20.27.49:888][566]LogAudioMixer: Display: 	Sample Rate:						  48000
[2021.08.20-20.27.49:888][566]LogAudioMixer: Display: 	Callback Buffer Frame Size Requested: 1024
[2021.08.20-20.27.49:888][566]LogAudioMixer: Display: 	Callback Buffer Frame Size To Use:	  1024
[2021.08.20-20.27.49:888][566]LogAudioMixer: Display: 	Number of buffers to queue:			  2
[2021.08.20-20.27.49:888][566]LogAudioMixer: Display: 	Max Channels (voices):				  32
[2021.08.20-20.27.49:888][566]LogAudioMixer: Display: 	Number of Async Source Workers:		  0
[2021.08.20-20.27.49:888][566]LogAudio: Display: AudioDevice MaxSources: 32
[2021.08.20-20.27.49:888][566]LogAudio: Display: Using built-in audio occlusion.
[2021.08.20-20.27.49:888][566]LogAudioMixer: Display: Initializing audio mixer.
[2021.08.20-20.27.49:892][566]LogAudioMixer: Display: Audio Device Output Speaker Info:
[2021.08.20-20.27.49:892][566]LogAudioMixer: Display: Name: Speakers (Realtek High Definition Audio)
[2021.08.20-20.27.49:892][566]LogAudioMixer: Display: Is Default: Yes
[2021.08.20-20.27.49:892][566]LogAudioMixer: Display: Sample Rate: 48000
[2021.08.20-20.27.49:892][566]LogAudioMixer: Display: Channel Count Used: 2
[2021.08.20-20.27.49:892][566]LogAudioMixer: Display: Device Channel Count: 2
[2021.08.20-20.27.49:892][566]LogAudioMixer: Display: Channel Order:
[2021.08.20-20.27.49:892][566]LogAudioMixer: Display: 0: FrontLeft
[2021.08.20-20.27.49:892][566]LogAudioMixer: Display: 1: FrontRight
[2021.08.20-20.27.49:897][566]LogAudioMixer: Display: Using Audio Device Speakers (Realtek High Definition Audio)
[2021.08.20-20.27.49:898][566]LogInit: FAudioDevice initialized.
[2021.08.20-20.27.49:901][566]LogLoad: Game class is 'MainMenuGameMode_C'
[2021.08.20-20.27.49:902][566]LogWorld: Bringing World /Game/FirstPersonBP/Maps/UEDPIE_0_MainMenu.MainMenu up for play (max tick rate 0) at 2021.08.20-13.27.49
[2021.08.20-20.27.49:902][566]LogWorld: Bringing up level for play took: 0.000179
[2021.08.20-20.27.49:902][566]LogOnline: OSS: Creating online subsystem instance for: :Context_4
[2021.08.20-20.27.49:906][566]PIE: Play in editor start time for /Game/FirstPersonBP/Maps/UEDPIE_0_MainMenu 0.91
[2021.08.20-20.27.49:906][566]LogBlueprintUserMessages: Late PlayInEditor Detection: Level '/Game/FirstPersonBP/Maps/MainMenu.MainMenu:PersistentLevel' has LevelScriptBlueprint '/Game/FirstPersonBP/Maps/MainMenu.MainMenu:PersistentLevel.MainMenu' with GeneratedClass '/Game/FirstPersonBP/Maps/MainMenu.MainMenu_C' with ClassGeneratedBy '/Game/FirstPersonBP/Maps/MainMenu.MainMenu:PersistentLevel.MainMenu'
[2021.08.20-20.27.50:606][650]LogNet: Browse: /Game/FirstPersonBP/Maps/FirstPersonExampleMap
[2021.08.20-20.27.50:607][650]LogLoad: LoadMap: /Game/FirstPersonBP/Maps/FirstPersonExampleMap
[2021.08.20-20.27.50:607][650]LogWorld: BeginTearingDown for /Game/FirstPersonBP/Maps/UEDPIE_0_MainMenu
[2021.08.20-20.27.50:607][650]LogWorld: UWorld::CleanupWorld for MainMenu, bSessionEnded=true, bCleanupResources=true
[2021.08.20-20.27.50:607][650]LogSlate: InvalidateAllWidgets triggered.  All widgets were invalidated
[2021.08.20-20.27.50:622][650]LogAudioMixer: Display: Flush succeeded in the source manager command queue (1).
[2021.08.20-20.27.50:641][650]LogAudioMixer: Display: Flush succeeded the source manager command queue (2).
[2021.08.20-20.27.50:669][650]LogUObjectHash: Compacting FUObjectHashTables data took   0.94ms
[2021.08.20-20.27.50:692][650]LogAIModule: Creating AISystem for world FirstPersonExampleMap
[2021.08.20-20.27.50:692][650]LogLoad: Game class is 'FirstPersonGameMode_C'
[2021.08.20-20.27.50:699][650]LogWorld: Bringing World /Game/FirstPersonBP/Maps/UEDPIE_0_FirstPersonExampleMap.FirstPersonExampleMap up for play (max tick rate 0) at 2021.08.20-13.27.50
[2021.08.20-20.27.50:700][650]LogWorld: Bringing up level for play took: 0.007163
[2021.08.20-20.27.50:706][650]LogGameMode: Display: Match State Changed from EnteringMap to WaitingToStart
[2021.08.20-20.27.50:706][650]LogGameState: Match State Changed from EnteringMap to WaitingToStart
[2021.08.20-20.27.50:706][650]LogGameMode: Display: Match State Changed from WaitingToStart to InProgress
[2021.08.20-20.27.50:707][650]LogGameState: Match State Changed from WaitingToStart to InProgress
[2021.08.20-20.27.50:708][650]LogLoad: Took 0.101215 seconds to LoadMap(/Game/FirstPersonBP/Maps/FirstPersonExampleMap)
[2021.08.20-20.28.06:553][546]LogSlate: Updating window title bar state: overlay mode, drag disabled, window buttons hidden, title bar hidden
[2021.08.20-20.28.06:553][546]LogBlueprintUserMessages: Early EndPlayMap Detection: Level '/Game/FirstPersonBP/Maps/MainMenu.MainMenu:PersistentLevel' has LevelScriptBlueprint '/Game/FirstPersonBP/Maps/MainMenu.MainMenu:PersistentLevel.MainMenu' with GeneratedClass '/Game/FirstPersonBP/Maps/MainMenu.MainMenu_C' with ClassGeneratedBy '/Game/FirstPersonBP/Maps/MainMenu.MainMenu:PersistentLevel.MainMenu'
[2021.08.20-20.28.06:553][546]LogWorld: BeginTearingDown for /Game/FirstPersonBP/Maps/UEDPIE_0_FirstPersonExampleMap
[2021.08.20-20.28.06:553][546]LogAudioMixer: Display: No commands were queued while flushing the source manager.
[2021.08.20-20.28.06:553][546]LogWorld: UWorld::CleanupWorld for FirstPersonExampleMap, bSessionEnded=true, bCleanupResources=true
[2021.08.20-20.28.06:553][546]LogSlate: InvalidateAllWidgets triggered.  All widgets were invalidated
[2021.08.20-20.28.06:558][546]LogPlayLevel: Display: Shutting down PIE online subsystems
[2021.08.20-20.28.06:558][546]LogBlueprintUserMessages: Late EndPlayMap Detection: Level '/Game/FirstPersonBP/Maps/MainMenu.MainMenu:PersistentLevel' has LevelScriptBlueprint '/Game/FirstPersonBP/Maps/MainMenu.MainMenu:PersistentLevel.MainMenu' with GeneratedClass '/Game/FirstPersonBP/Maps/MainMenu.MainMenu_C' with ClassGeneratedBy '/Game/FirstPersonBP/Maps/MainMenu.MainMenu:PersistentLevel.MainMenu'
[2021.08.20-20.28.06:560][546]LogSlate: InvalidateAllWidgets triggered.  All widgets were invalidated
[2021.08.20-20.28.06:584][546]LogAudioMixer: Display: No commands were queued while flushing the source manager.
[2021.08.20-20.28.06:586][546]LogSlate: Updating window title bar state: overlay mode, drag disabled, window buttons hidden, title bar hidden
[2021.08.20-20.28.06:588][546]LogUObjectHash: Compacting FUObjectHashTables data took   1.00ms
[2021.08.20-20.28.06:656][553]LogPlayLevel: Display: Destroying online subsystem :Context_4
[2021.08.20-20.28.07:516][654]LogTemp: Repeating last play command: Selected Viewport
[2021.08.20-20.28.07:523][654]LogBlueprintUserMessages: Early PlayInEditor Detection: Level '/Game/FirstPersonBP/Maps/MainMenu.MainMenu:PersistentLevel' has LevelScriptBlueprint '/Game/FirstPersonBP/Maps/MainMenu.MainMenu:PersistentLevel.MainMenu' with GeneratedClass '/Game/FirstPersonBP/Maps/MainMenu.MainMenu_C' with ClassGeneratedBy '/Game/FirstPersonBP/Maps/MainMenu.MainMenu:PersistentLevel.MainMenu'
[2021.08.20-20.28.07:523][654]LogPlayLevel: PlayLevel: No blueprints needed recompiling
[2021.08.20-20.28.07:523][654]PIE: New page: PIE session: MainMenu (Aug 20, 2021, 6:28:07 AM)
[2021.08.20-20.28.07:523][654]LogPlayLevel: Creating play world package: /Game/FirstPersonBP/Maps/UEDPIE_0_MainMenu
[2021.08.20-20.28.07:524][654]LogPlayLevel: PIE: StaticDuplicateObject took: (0.000707s)
[2021.08.20-20.28.07:524][654]LogAIModule: Creating AISystem for world MainMenu
[2021.08.20-20.28.07:524][654]LogPlayLevel: PIE: World Init took: (0.000605s)
[2021.08.20-20.28.07:524][654]LogPlayLevel: PIE: Created PIE world by copying editor world from /Game/FirstPersonBP/Maps/MainMenu.MainMenu to /Game/FirstPersonBP/Maps/UEDPIE_0_MainMenu.MainMenu (0.001378s)
[2021.08.20-20.28.07:550][654]LogUObjectHash: Compacting FUObjectHashTables data took   0.88ms
[2021.08.20-20.28.07:550][654]LogAudioMixer: Display: Audio Mixer Platform Settings:
[2021.08.20-20.28.07:550][654]LogAudioMixer: Display: 	Sample Rate:						  48000
[2021.08.20-20.28.07:550][654]LogAudioMixer: Display: 	Callback Buffer Frame Size Requested: 1024
[2021.08.20-20.28.07:550][654]LogAudioMixer: Display: 	Callback Buffer Frame Size To Use:	  1024
[2021.08.20-20.28.07:550][654]LogAudioMixer: Display: 	Number of buffers to queue:			  2
[2021.08.20-20.28.07:550][654]LogAudioMixer: Display: 	Max Channels (voices):				  32
[2021.08.20-20.28.07:550][654]LogAudioMixer: Display: 	Number of Async Source Workers:		  0
[2021.08.20-20.28.07:550][654]LogAudio: Display: AudioDevice MaxSources: 32
[2021.08.20-20.28.07:550][654]LogAudio: Display: Using built-in audio occlusion.
[2021.08.20-20.28.07:551][654]LogAudioMixer: Display: Initializing audio mixer.
[2021.08.20-20.28.07:554][654]LogAudioMixer: Display: Audio Device Output Speaker Info:
[2021.08.20-20.28.07:554][654]LogAudioMixer: Display: Name: Speakers (Realtek High Definition Audio)
[2021.08.20-20.28.07:554][654]LogAudioMixer: Display: Is Default: Yes
[2021.08.20-20.28.07:554][654]LogAudioMixer: Display: Sample Rate: 48000
[2021.08.20-20.28.07:554][654]LogAudioMixer: Display: Channel Count Used: 2
[2021.08.20-20.28.07:554][654]LogAudioMixer: Display: Device Channel Count: 2
[2021.08.20-20.28.07:554][654]LogAudioMixer: Display: Channel Order:
[2021.08.20-20.28.07:554][654]LogAudioMixer: Display: 0: FrontLeft
[2021.08.20-20.28.07:554][654]LogAudioMixer: Display: 1: FrontRight
[2021.08.20-20.28.07:560][654]LogAudioMixer: Display: Using Audio Device Speakers (Realtek High Definition Audio)
[2021.08.20-20.28.07:561][654]LogInit: FAudioDevice initialized.
[2021.08.20-20.28.07:564][654]LogLoad: Game class is 'MainMenuGameMode_C'
[2021.08.20-20.28.07:565][654]LogWorld: Bringing World /Game/FirstPersonBP/Maps/UEDPIE_0_MainMenu.MainMenu up for play (max tick rate 0) at 2021.08.20-13.28.07
[2021.08.20-20.28.07:565][654]LogWorld: Bringing up level for play took: 0.000205
[2021.08.20-20.28.07:565][654]LogOnline: OSS: Creating online subsystem instance for: :Context_5
[2021.08.20-20.28.07:567][654]PIE: Play in editor start time for /Game/FirstPersonBP/Maps/UEDPIE_0_MainMenu 0.57
[2021.08.20-20.28.07:567][654]LogBlueprintUserMessages: Late PlayInEditor Detection: Level '/Game/FirstPersonBP/Maps/MainMenu.MainMenu:PersistentLevel' has LevelScriptBlueprint '/Game/FirstPersonBP/Maps/MainMenu.MainMenu:PersistentLevel.MainMenu' with GeneratedClass '/Game/FirstPersonBP/Maps/MainMenu.MainMenu_C' with ClassGeneratedBy '/Game/FirstPersonBP/Maps/MainMenu.MainMenu:PersistentLevel.MainMenu'
[2021.08.20-20.28.08:318][744]LogSlate: Updating window title bar state: overlay mode, drag disabled, window buttons hidden, title bar hidden
[2021.08.20-20.28.08:318][744]LogBlueprintUserMessages: Early EndPlayMap Detection: Level '/Game/FirstPersonBP/Maps/MainMenu.MainMenu:PersistentLevel' has LevelScriptBlueprint '/Game/FirstPersonBP/Maps/MainMenu.MainMenu:PersistentLevel.MainMenu' with GeneratedClass '/Game/FirstPersonBP/Maps/MainMenu.MainMenu_C' with ClassGeneratedBy '/Game/FirstPersonBP/Maps/MainMenu.MainMenu:PersistentLevel.MainMenu'
[2021.08.20-20.28.08:318][744]LogWorld: BeginTearingDown for /Game/FirstPersonBP/Maps/UEDPIE_0_MainMenu
[2021.08.20-20.28.08:330][744]LogAudioMixer: Display: Flush succeeded in the source manager command queue (1).
[2021.08.20-20.28.08:351][744]LogAudioMixer: Display: Flush succeeded the source manager command queue (2).
[2021.08.20-20.28.08:351][744]LogWorld: UWorld::CleanupWorld for MainMenu, bSessionEnded=true, bCleanupResources=true
[2021.08.20-20.28.08:351][744]LogSlate: InvalidateAllWidgets triggered.  All widgets were invalidated
[2021.08.20-20.28.08:359][744]LogPlayLevel: Display: Shutting down PIE online subsystems
[2021.08.20-20.28.08:359][744]LogBlueprintUserMessages: Late EndPlayMap Detection: Level '/Game/FirstPersonBP/Maps/MainMenu.MainMenu:PersistentLevel' has LevelScriptBlueprint '/Game/FirstPersonBP/Maps/MainMenu.MainMenu:PersistentLevel.MainMenu' with GeneratedClass '/Game/FirstPersonBP/Maps/MainMenu.MainMenu_C' with ClassGeneratedBy '/Game/FirstPersonBP/Maps/MainMenu.MainMenu:PersistentLevel.MainMenu'
[2021.08.20-20.28.08:361][744]LogSlate: InvalidateAllWidgets triggered.  All widgets were invalidated
[2021.08.20-20.28.08:388][744]LogAudioMixer: Display: No commands were queued while flushing the source manager.
[2021.08.20-20.28.08:390][744]LogSlate: Updating window title bar state: overlay mode, drag disabled, window buttons hidden, title bar hidden
[2021.08.20-20.28.08:391][744]LogUObjectHash: Compacting FUObjectHashTables data took   0.98ms
[2021.08.20-20.28.08:425][747]LogPlayLevel: Display: Destroying online subsystem :Context_5
[2021.08.20-20.29.03:829][253]LogEditorViewport: Clicking Background
[2021.08.20-20.29.04:835][367]LogUObjectHash: Compacting FUObjectHashTables data took   0.90ms
[2021.08.20-20.29.04:935][367]LogSavePackage: Moving '../../../../../../Users/micha/OneDrive/OneDrive/Documents/Unreal Projects/GPE104Final/MyProject2/Saved/MainMenu13E92F3A40C9C2D8066370A235D79B2E.tmp' to '../../../../../../Users/micha/OneDrive/OneDrive/Documents/Unreal Projects/GPE104Final/MyProject2/Content/FirstPersonBP/Maps/MainMenu.umap'
[2021.08.20-20.29.04:957][367]AssetCheck: New page: Asset Save: MainMenu
[2021.08.20-20.29.04:957][367]LogContentValidation: Display: Validating World /Game/FirstPersonBP/Maps/MainMenu.MainMenu
[2021.08.20-20.29.07:273][641]LogEditorViewport: Clicking Background
[2021.08.20-20.41.45:478][866]LogAssetEditorSubsystem: Opening Asset editor for Blueprint /Game/FirstPersonBP/Blueprints/BPIDamageable.BPIDamageable
[2021.08.20-20.41.45:508][866]LogContentBrowser: Native class hierarchy updated for 'BlueprintGraph' in 0.0004 seconds. Added 121 classes and 0 folders.
[2021.08.20-20.41.47:503][ 49]LogEditorViewport: Clicking Background
[2021.08.20-20.41.49:865][330]LogSlate: Took 0.000142 seconds to synchronously load lazily loaded font '../../../Engine/Content/Slate/Fonts/Roboto-BoldCondensed.ttf' (158K)
