Log file open, 08/17/21 21:21:10
LogWindows: Failed to load 'aqProf.dll' (GetLastError=126)
LogWindows: File 'aqProf.dll' does not exist
LogWindows: Failed to load 'VtuneApi.dll' (GetLastError=126)
LogWindows: File 'VtuneApi.dll' does not exist
LogWindows: Failed to load 'VtuneApi32e.dll' (GetLastError=126)
LogWindows: File 'VtuneApi32e.dll' does not exist
LogConsoleResponse: Display: Failed to find resolution value strings in scalability ini. Falling back to default.
LogInit: Display: Running engine for game: GPEFinal
LogPlatformFile: Not using cached read wrapper
LogTaskGraph: Started task graph with 5 named threads and 47 total threads with 3 sets of task threads.
LogStats: Stats thread started at 0.052470
LogD3D11RHI: Loaded GFSDK_Aftermath_Lib.x64.dll
LogICUInternationalization: ICU TimeZone Detection - Raw Offset: -7:00, Platform Override: ''
LogPluginManager: Mounting plugin Paper2D
LogPluginManager: Mounting plugin AISupport
LogPluginManager: Mounting plugin LightPropagationVolume
LogPluginManager: Mounting plugin ActorLayerUtilities
LogPluginManager: Mounting plugin AnimationSharing
LogPluginManager: Mounting plugin CLionSourceCodeAccess
LogPluginManager: Mounting plugin CodeLiteSourceCodeAccess
LogPluginManager: Mounting plugin GitSourceControl
LogPluginManager: Mounting plugin KDevelopSourceCodeAccess
LogPluginManager: Mounting plugin NullSourceCodeAccess
LogPluginManager: Mounting plugin PerforceSourceControl
LogPluginManager: Mounting plugin PlasticSourceControl
LogPluginManager: Mounting plugin SubversionSourceControl
LogPluginManager: Mounting plugin UObjectPlugin
LogPluginManager: Mounting plugin VisualStudioCodeSourceCodeAccess
LogPluginManager: Mounting plugin VisualStudioSourceCodeAccess
LogPluginManager: Mounting plugin XCodeSourceCodeAccess
LogPluginManager: Mounting plugin AssetManagerEditor
LogPluginManager: Mounting plugin CryptoKeys
LogPluginManager: Mounting plugin CurveEditorTools
LogPluginManager: Mounting plugin DataValidation
LogPluginManager: Mounting plugin FacialAnimation
LogPluginManager: Mounting plugin GameplayTagsEditor
LogPluginManager: Mounting plugin MacGraphicsSwitching
LogPluginManager: Mounting plugin MaterialAnalyzer
LogPluginManager: Mounting plugin MobileLauncherProfileWizard
LogPluginManager: Mounting plugin PluginBrowser
LogPluginManager: Mounting plugin SpeedTreeImporter
LogPluginManager: Mounting plugin DatasmithContent
LogPluginManager: Mounting plugin VariantManagerContent
LogPluginManager: Mounting plugin AlembicImporter
LogPluginManager: Mounting plugin AutomationUtils
LogPluginManager: Mounting plugin BackChannel
LogPluginManager: Mounting plugin CharacterAI
LogPluginManager: Mounting plugin GeometryCache
LogPluginManager: Mounting plugin PlatformCrypto
LogPluginManager: Mounting plugin ProxyLODPlugin
LogPluginManager: Mounting plugin SkeletalReduction
LogPluginManager: Mounting plugin MagicLeap
LogPluginManager: Mounting plugin MagicLeapMedia
LogPluginManager: Mounting plugin MLSDK
LogPluginManager: Mounting plugin AndroidMedia
LogPluginManager: Mounting plugin AvfMedia
LogPluginManager: Mounting plugin ImgMedia
LogPluginManager: Mounting plugin MediaCompositing
LogPluginManager: Mounting plugin MediaPlayerEditor
LogPluginManager: Mounting plugin WebMMedia
LogPluginManager: Mounting plugin WmfMedia
LogPluginManager: Mounting plugin TcpMessaging
LogPluginManager: Mounting plugin UdpMessaging
LogPluginManager: Mounting plugin ActorSequence
LogPluginManager: Mounting plugin LevelSequenceEditor
LogPluginManager: Mounting plugin MatineeToLevelSequence
LogPluginManager: Mounting plugin NetcodeUnitTest
LogPluginManager: Mounting plugin NUTUnrealEngine4
LogPluginManager: Mounting plugin OnlineSubsystemGooglePlay
LogPluginManager: Mounting plugin OnlineSubsystemIOS
LogPluginManager: Mounting plugin OnlineSubsystem
LogPluginManager: Mounting plugin OnlineSubsystemNull
LogPluginManager: Mounting plugin OnlineSubsystemUtils
LogPluginManager: Mounting plugin LauncherChunkInstaller
LogPluginManager: Mounting plugin AndroidDeviceProfileSelector
LogPluginManager: Mounting plugin AndroidMoviePlayer
LogPluginManager: Mounting plugin AndroidPermission
LogPluginManager: Mounting plugin AppleImageUtils
LogPluginManager: Mounting plugin AppleMoviePlayer
LogPluginManager: Mounting plugin ArchVisCharacter
LogPluginManager: Mounting plugin AssetTags
LogPluginManager: Mounting plugin AudioCapture
LogPluginManager: Mounting plugin CableComponent
LogPluginManager: Mounting plugin CustomMeshComponent
LogPluginManager: Mounting plugin EditableMesh
LogPluginManager: Mounting plugin ExampleDeviceProfileSelector
LogPluginManager: Mounting plugin GoogleCloudMessaging
LogPluginManager: Mounting plugin IOSDeviceProfileSelector
LogPluginManager: Mounting plugin LinuxDeviceProfileSelector
LogPluginManager: Mounting plugin LocationServicesBPLibrary
LogPluginManager: Mounting plugin MobilePatchingUtils
LogPluginManager: Mounting plugin OculusVR
LogPluginManager: Mounting plugin PhysXVehicles
LogPluginManager: Mounting plugin PostSplashScreen
LogPluginManager: Mounting plugin ProceduralMeshComponent
LogPluginManager: Mounting plugin RuntimePhysXCooking
LogPluginManager: Mounting plugin SignificanceManager
LogPluginManager: Mounting plugin SteamVR
LogPluginManager: Mounting plugin WebMMoviePlayer
LogPluginManager: Mounting plugin WindowsMoviePlayer
LogPluginManager: Mounting plugin ScreenshotTools
LogInit: Using libcurl 7.55.1-DEV
LogInit:  - built for x86_64-pc-win32
LogInit:  - supports SSL with OpenSSL/1.1.1
LogInit:  - supports HTTP deflate (compression) using libz 1.2.8
LogInit:  - other features:
LogInit:      CURL_VERSION_SSL
LogInit:      CURL_VERSION_LIBZ
LogInit:      CURL_VERSION_IPV6
LogInit:      CURL_VERSION_ASYNCHDNS
LogInit:      CURL_VERSION_LARGEFILE
LogInit:      CURL_VERSION_IDN
LogInit:  CurlRequestOptions (configurable via config and command line):
LogInit:  - bVerifyPeer = true  - Libcurl will verify peer certificate
LogInit:  - bUseHttpProxy = false  - Libcurl will NOT use HTTP proxy
LogInit:  - bDontReuseConnections = false  - Libcurl will reuse connections
LogInit:  - MaxHostConnections = 16  - Libcurl will limit the number of connections to a host
LogInit:  - LocalHostAddr = Default
LogInit:  - BufferSize = 65536
LogOnline: OSS: Creating online subsystem instance for: NULL
LogInit: WinSock: version 1.1 (2.2), MaxSocks=32767, MaxUdp=65467
LogOnline: OSS: TryLoadSubsystemAndSetDefault: Loaded subsystem for module [NULL]
LogInit: Build: ++UE4+Release-4.24-CL-11590370
LogInit: Engine Version: 4.24.3-11590370+++UE4+Release-4.24
LogInit: Compatible Engine Version: 4.24.0-10570792+++UE4+Release-4.24
LogInit: Net CL: 10570792
LogInit: OS: Windows 10 (Release 2009) (), CPU: 11th Gen Intel(R) Core(TM) i7-11700F @ 2.50GHz, GPU: NVIDIA GeForce RTX 2060
LogInit: Compiled (64-bit): Feb 24 2020 15:39:18
LogInit: Compiled with Visual C++: 19.16.27032.01
LogInit: Build Configuration: Development
LogInit: Branch Name: ++UE4+Release-4.24
LogInit: Command Line: 
LogInit: Base Directory: C:/Program Files/Epic Games/UE_4.24/Engine/Binaries/Win64/
LogInit: Installed Engine Build: 1
LogDevObjectVersion: Number of dev versions registered: 25
LogDevObjectVersion:   Dev-Blueprints (B0D832E4-1F89-4F0D-ACCF-7EB736FD4AA2): 10
LogDevObjectVersion:   Dev-Build (E1C64328-A22C-4D53-A36C-8E866417BD8C): 0
LogDevObjectVersion:   Dev-Core (375EC13C-06E4-48FB-B500-84F0262A717E): 3
LogDevObjectVersion:   Dev-Editor (E4B068ED-F494-42E9-A231-DA0B2E46BB41): 37
LogDevObjectVersion:   Dev-Framework (CFFC743F-43B0-4480-9391-14DF171D2073): 36
LogDevObjectVersion:   Dev-Mobile (B02B49B5-BB20-44E9-A304-32B752E40360): 2
LogDevObjectVersion:   Dev-Networking (A4E4105C-59A1-49B5-A7C5-40C4547EDFEE): 0
LogDevObjectVersion:   Dev-Online (39C831C9-5AE6-47DC-9A44-9C173E1C8E7C): 0
LogDevObjectVersion:   Dev-Physics (78F01B33-EBEA-4F98-B9B4-84EACCB95AA2): 2
LogDevObjectVersion:   Dev-Platform (6631380F-2D4D-43E0-8009-CF276956A95A): 0
LogDevObjectVersion:   Dev-Rendering (12F88B9F-8875-4AFC-A67C-D90C383ABD29): 36
LogDevObjectVersion:   Dev-Sequencer (7B5AE74C-D270-4C10-A958-57980B212A5A): 11
LogDevObjectVersion:   Dev-VR (D7296918-1DD6-4BDD-9DE2-64A83CC13884): 2
LogDevObjectVersion:   Dev-LoadTimes (C2A15278-BFE7-4AFE-6C17-90FF531DF755): 1
LogDevObjectVersion:   Private-Geometry (6EACA3D4-40EC-4CC1-B786-8BED09428FC5): 3
LogDevObjectVersion:   Dev-AnimPhys (29E575DD-E0A3-4627-9D10-D276232CDCEA): 17
LogDevObjectVersion:   Dev-Anim (AF43A65D-7FD3-4947-9873-3E8ED9C1BB05): 2
LogDevObjectVersion:   Dev-ReflectionCapture (6B266CEC-1EC7-4B8F-A30B-E4D90942FC07): 1
LogDevObjectVersion:   Dev-Automation (0DF73D61-A23F-47EA-B727-89E90C41499A): 1
LogDevObjectVersion:   FortniteMain (601D1886-AC64-4F84-AA16-D3DE0DEAC7D6): 31
LogDevObjectVersion:   Dev-Enterprise (9DFFBCD6-494F-0158-E221-12823C92A888): 8
LogDevObjectVersion:   Dev-Niagara (F2AED0AC-9AFE-416F-8664-AA7FFA26D6FC): 1
LogDevObjectVersion:   Dev-Destruction (174F1F0B-B4C6-45A5-B13F-2EE8D0FB917D): 9
LogDevObjectVersion:   Dev-Physics-Ext (35F94A83-E258-406C-A318-09F59610247C): 8
LogDevObjectVersion:   Dev-CineCamera (B2E18506-4273-CFC2-A54E-F4BB758BBA07): 1
LogInit: Presizing for max 25165824 objects, including 0 objects not considered by GC, pre-allocating 0 bytes for permanent pool.
LogInit: Object subsystem initialized
LogConfig: Setting CVar [[con.DebugEarlyDefault:1]]
LogConfig: Setting CVar [[r.setres:1280x720]]
[2021.08.18-04.21.10:278][  0]LogConfig: Setting CVar [[r.VSync:0]]
[2021.08.18-04.21.10:278][  0]LogConfig: Setting CVar [[r.RHICmdBypass:0]]
[2021.08.18-04.21.10:278][  0]LogConfig: Applying CVar settings from Section [/Script/Engine.RendererSettings] File [C:/Users/micha/OneDrive/OneDrive/Documents/Unreal Projects/GPE104Final/MyProject2/Saved/Config/Windows/Engine.ini]
[2021.08.18-04.21.10:278][  0]LogConfig: Setting CVar [[r.GPUCrashDebugging:0]]
[2021.08.18-04.21.10:278][  0]LogConfig: Applying CVar settings from Section [/Script/Engine.RendererOverrideSettings] File [C:/Users/micha/OneDrive/OneDrive/Documents/Unreal Projects/GPE104Final/MyProject2/Saved/Config/Windows/Engine.ini]
[2021.08.18-04.21.10:278][  0]LogConfig: Applying CVar settings from Section [/Script/Engine.StreamingSettings] File [C:/Users/micha/OneDrive/OneDrive/Documents/Unreal Projects/GPE104Final/MyProject2/Saved/Config/Windows/Engine.ini]
[2021.08.18-04.21.10:278][  0]LogConfig: Setting CVar [[s.MinBulkDataSizeForAsyncLoading:131072]]
[2021.08.18-04.21.10:278][  0]LogConfig: Setting CVar [[s.AsyncLoadingThreadEnabled:0]]
[2021.08.18-04.21.10:278][  0]LogConfig: Setting CVar [[s.EventDrivenLoaderEnabled:1]]
[2021.08.18-04.21.10:278][  0]LogConfig: Setting CVar [[s.WarnIfTimeLimitExceeded:0]]
[2021.08.18-04.21.10:278][  0]LogConfig: Setting CVar [[s.TimeLimitExceededMultiplier:1.5]]
[2021.08.18-04.21.10:278][  0]LogConfig: Setting CVar [[s.TimeLimitExceededMinTime:0.005]]
[2021.08.18-04.21.10:278][  0]LogConfig: Setting CVar [[s.UseBackgroundLevelStreaming:1]]
[2021.08.18-04.21.10:278][  0]LogConfig: Setting CVar [[s.PriorityAsyncLoadingExtraTime:15.0]]
[2021.08.18-04.21.10:278][  0]LogConfig: Setting CVar [[s.LevelStreamingActorsUpdateTimeLimit:5.0]]
[2021.08.18-04.21.10:278][  0]LogConfig: Setting CVar [[s.PriorityLevelStreamingActorsUpdateExtraTime:5.0]]
[2021.08.18-04.21.10:278][  0]LogConfig: Setting CVar [[s.LevelStreamingComponentsRegistrationGranularity:10]]
[2021.08.18-04.21.10:278][  0]LogConfig: Setting CVar [[s.UnregisterComponentsTimeLimit:1.0]]
[2021.08.18-04.21.10:278][  0]LogConfig: Setting CVar [[s.LevelStreamingComponentsUnregistrationGranularity:5]]
[2021.08.18-04.21.10:278][  0]LogConfig: Setting CVar [[s.FlushStreamingOnExit:1]]
[2021.08.18-04.21.10:278][  0]LogConfig: Applying CVar settings from Section [/Script/Engine.GarbageCollectionSettings] File [C:/Users/micha/OneDrive/OneDrive/Documents/Unreal Projects/GPE104Final/MyProject2/Saved/Config/Windows/Engine.ini]
[2021.08.18-04.21.10:278][  0]LogConfig: Setting CVar [[gc.MaxObjectsNotConsideredByGC:1]]
[2021.08.18-04.21.10:278][  0]LogConfig: Setting CVar [[gc.SizeOfPermanentObjectPool:0]]
[2021.08.18-04.21.10:278][  0]LogConfig: Setting CVar [[gc.FlushStreamingOnGC:0]]
[2021.08.18-04.21.10:278][  0]LogConfig: Setting CVar [[gc.NumRetriesBeforeForcingGC:10]]
[2021.08.18-04.21.10:278][  0]LogConfig: Setting CVar [[gc.AllowParallelGC:1]]
[2021.08.18-04.21.10:278][  0]LogConfig: Setting CVar [[gc.TimeBetweenPurgingPendingKillObjects:61.1]]
[2021.08.18-04.21.10:278][  0]LogConfig: Setting CVar [[gc.MaxObjectsInEditor:25165824]]
[2021.08.18-04.21.10:278][  0]LogConfig: Setting CVar [[gc.IncrementalBeginDestroyEnabled:1]]
[2021.08.18-04.21.10:278][  0]LogConfig: Setting CVar [[gc.CreateGCClusters:1]]
[2021.08.18-04.21.10:278][  0]LogConfig: Setting CVar [[gc.MinGCClusterSize:5]]
[2021.08.18-04.21.10:278][  0]LogConfig: Setting CVar [[gc.ActorClusteringEnabled:0]]
[2021.08.18-04.21.10:278][  0]LogConfig: Setting CVar [[gc.BlueprintClusteringEnabled:0]]
[2021.08.18-04.21.10:278][  0]LogConfig: Setting CVar [[gc.UseDisregardForGCOnDedicatedServers:0]]
[2021.08.18-04.21.10:278][  0]LogConfig: Applying CVar settings from Section [/Script/Engine.NetworkSettings] File [C:/Users/micha/OneDrive/OneDrive/Documents/Unreal Projects/GPE104Final/MyProject2/Saved/Config/Windows/Engine.ini]
[2021.08.18-04.21.10:278][  0]LogConfig: Applying CVar settings from Section [/Script/UnrealEd.CookerSettings] File [C:/Users/micha/OneDrive/OneDrive/Documents/Unreal Projects/GPE104Final/MyProject2/Saved/Config/Windows/Engine.ini]
[2021.08.18-04.21.10:281][  0]LogConfig: Applying CVar settings from Section [ViewDistanceQuality@3] File [C:/Users/micha/OneDrive/OneDrive/Documents/Unreal Projects/GPE104Final/MyProject2/Saved/Config/Windows/Scalability.ini]
[2021.08.18-04.21.10:281][  0]LogConfig: Setting CVar [[r.SkeletalMeshLODBias:0]]
[2021.08.18-04.21.10:281][  0]LogConfig: Setting CVar [[r.ViewDistanceScale:1.0]]
[2021.08.18-04.21.10:281][  0]LogConfig: Applying CVar settings from Section [AntiAliasingQuality@3] File [C:/Users/micha/OneDrive/OneDrive/Documents/Unreal Projects/GPE104Final/MyProject2/Saved/Config/Windows/Scalability.ini]
[2021.08.18-04.21.10:281][  0]LogConfig: Setting CVar [[r.PostProcessAAQuality:4]]
[2021.08.18-04.21.10:281][  0]LogConfig: Applying CVar settings from Section [ShadowQuality@3] File [C:/Users/micha/OneDrive/OneDrive/Documents/Unreal Projects/GPE104Final/MyProject2/Saved/Config/Windows/Scalability.ini]
[2021.08.18-04.21.10:281][  0]LogConfig: Setting CVar [[r.LightFunctionQuality:1]]
[2021.08.18-04.21.10:281][  0]LogConfig: Setting CVar [[r.ShadowQuality:5]]
[2021.08.18-04.21.10:281][  0]LogConfig: Setting CVar [[r.Shadow.CSM.MaxCascades:10]]
[2021.08.18-04.21.10:281][  0]LogConfig: Setting CVar [[r.Shadow.MaxResolution:2048]]
[2021.08.18-04.21.10:281][  0]LogConfig: Setting CVar [[r.Shadow.MaxCSMResolution:2048]]
[2021.08.18-04.21.10:281][  0]LogConfig: Setting CVar [[r.Shadow.RadiusThreshold:0.01]]
[2021.08.18-04.21.10:281][  0]LogConfig: Setting CVar [[r.Shadow.DistanceScale:1.0]]
[2021.08.18-04.21.10:281][  0]LogConfig: Setting CVar [[r.Shadow.CSM.TransitionScale:1.0]]
[2021.08.18-04.21.10:281][  0]LogConfig: Setting CVar [[r.Shadow.PreShadowResolutionFactor:1.0]]
[2021.08.18-04.21.10:281][  0]LogConfig: Setting CVar [[r.DistanceFieldShadowing:1]]
[2021.08.18-04.21.10:281][  0]LogConfig: Setting CVar [[r.DistanceFieldAO:1]]
[2021.08.18-04.21.10:281][  0]LogConfig: Setting CVar [[r.AOQuality:2]]
[2021.08.18-04.21.10:281][  0]LogConfig: Setting CVar [[r.VolumetricFog:1]]
[2021.08.18-04.21.10:281][  0]LogConfig: Setting CVar [[r.VolumetricFog.GridPixelSize:8]]
[2021.08.18-04.21.10:281][  0]LogConfig: Setting CVar [[r.VolumetricFog.GridSizeZ:128]]
[2021.08.18-04.21.10:281][  0]LogConfig: Setting CVar [[r.VolumetricFog.HistoryMissSupersampleCount:4]]
[2021.08.18-04.21.10:281][  0]LogConfig: Setting CVar [[r.LightMaxDrawDistanceScale:1]]
[2021.08.18-04.21.10:281][  0]LogConfig: Setting CVar [[r.CapsuleShadows:1]]
[2021.08.18-04.21.10:281][  0]LogConfig: Applying CVar settings from Section [PostProcessQuality@3] File [C:/Users/micha/OneDrive/OneDrive/Documents/Unreal Projects/GPE104Final/MyProject2/Saved/Config/Windows/Scalability.ini]
[2021.08.18-04.21.10:281][  0]LogConfig: Setting CVar [[r.MotionBlurQuality:4]]
[2021.08.18-04.21.10:281][  0]LogConfig: Setting CVar [[r.AmbientOcclusionMipLevelFactor:0.4]]
[2021.08.18-04.21.10:281][  0]LogConfig: Setting CVar [[r.AmbientOcclusionMaxQuality:100]]
[2021.08.18-04.21.10:281][  0]LogConfig: Setting CVar [[r.AmbientOcclusionLevels:-1]]
[2021.08.18-04.21.10:281][  0]LogConfig: Setting CVar [[r.AmbientOcclusionRadiusScale:1.0]]
[2021.08.18-04.21.10:281][  0]LogConfig: Setting CVar [[r.DepthOfFieldQuality:2]]
[2021.08.18-04.21.10:281][  0]LogConfig: Setting CVar [[r.RenderTargetPoolMin:400]]
[2021.08.18-04.21.10:281][  0]LogConfig: Setting CVar [[r.LensFlareQuality:2]]
[2021.08.18-04.21.10:281][  0]LogConfig: Setting CVar [[r.SceneColorFringeQuality:1]]
[2021.08.18-04.21.10:281][  0]LogConfig: Setting CVar [[r.EyeAdaptationQuality:2]]
[2021.08.18-04.21.10:281][  0]LogConfig: Setting CVar [[r.BloomQuality:5]]
[2021.08.18-04.21.10:281][  0]LogConfig: Setting CVar [[r.FastBlurThreshold:100]]
[2021.08.18-04.21.10:281][  0]LogConfig: Setting CVar [[r.Upscale.Quality:3]]
[2021.08.18-04.21.10:281][  0]LogConfig: Setting CVar [[r.Tonemapper.GrainQuantization:1]]
[2021.08.18-04.21.10:281][  0]LogConfig: Setting CVar [[r.LightShaftQuality:1]]
[2021.08.18-04.21.10:281][  0]LogConfig: Setting CVar [[r.Filter.SizeScale:1]]
[2021.08.18-04.21.10:281][  0]LogConfig: Setting CVar [[r.Tonemapper.Quality:5]]
[2021.08.18-04.21.10:281][  0]LogConfig: Setting CVar [[r.DOF.Gather.AccumulatorQuality:1        ; higher gathering accumulator quality]]
[2021.08.18-04.21.10:281][  0]LogConfig: Setting CVar [[r.DOF.Gather.PostfilterMethod:1          ; Median3x3 postfilering method]]
[2021.08.18-04.21.10:281][  0]LogConfig: Setting CVar [[r.DOF.Gather.EnableBokehSettings:0       ; no bokeh simulation when gathering]]
[2021.08.18-04.21.10:281][  0]LogConfig: Setting CVar [[r.DOF.Gather.RingCount:4                 ; medium number of samples when gathering]]
[2021.08.18-04.21.10:281][  0]LogConfig: Setting CVar [[r.DOF.Scatter.ForegroundCompositing:1    ; additive foreground scattering]]
[2021.08.18-04.21.10:281][  0]LogConfig: Setting CVar [[r.DOF.Scatter.BackgroundCompositing:2    ; additive background scattering]]
[2021.08.18-04.21.10:281][  0]LogConfig: Setting CVar [[r.DOF.Scatter.EnableBokehSettings:1      ; bokeh simulation when scattering]]
[2021.08.18-04.21.10:281][  0]LogConfig: Setting CVar [[r.DOF.Scatter.MaxSpriteRatio:0.1         ; only a maximum of 10% of scattered bokeh]]
[2021.08.18-04.21.10:281][  0]LogConfig: Setting CVar [[r.DOF.Recombine.Quality:1                ; cheap slight out of focus]]
[2021.08.18-04.21.10:281][  0]LogConfig: Setting CVar [[r.DOF.Recombine.EnableBokehSettings:0    ; no bokeh simulation on slight out of focus]]
[2021.08.18-04.21.10:281][  0]LogConfig: Setting CVar [[r.DOF.TemporalAAQuality:1                ; more stable temporal accumulation]]
[2021.08.18-04.21.10:281][  0]LogConfig: Setting CVar [[r.DOF.Kernel.MaxForegroundRadius:0.025]]
[2021.08.18-04.21.10:281][  0]LogConfig: Setting CVar [[r.DOF.Kernel.MaxBackgroundRadius:0.025]]
[2021.08.18-04.21.10:281][  0]LogConfig: Applying CVar settings from Section [TextureQuality@3] File [C:/Users/micha/OneDrive/OneDrive/Documents/Unreal Projects/GPE104Final/MyProject2/Saved/Config/Windows/Scalability.ini]
[2021.08.18-04.21.10:281][  0]LogConfig: Setting CVar [[r.Streaming.MipBias:0]]
[2021.08.18-04.21.10:281][  0]LogConfig: Setting CVar [[r.Streaming.AmortizeCPUToGPUCopy:0]]
[2021.08.18-04.21.10:281][  0]LogConfig: Setting CVar [[r.Streaming.MaxNumTexturesToStreamPerFrame:0]]
[2021.08.18-04.21.10:281][  0]LogConfig: Setting CVar [[r.Streaming.Boost:1]]
[2021.08.18-04.21.10:282][  0]LogConfig: Setting CVar [[r.MaxAnisotropy:8]]
[2021.08.18-04.21.10:282][  0]LogConfig: Setting CVar [[r.VT.MaxAnisotropy:8]]
[2021.08.18-04.21.10:282][  0]LogConfig: Setting CVar [[r.Streaming.LimitPoolSizeToVRAM:0]]
[2021.08.18-04.21.10:282][  0]LogConfig: Setting CVar [[r.Streaming.PoolSize:1000]]
[2021.08.18-04.21.10:282][  0]LogConfig: Setting CVar [[r.Streaming.MaxEffectiveScreenSize:0]]
[2021.08.18-04.21.10:282][  0]LogConfig: Applying CVar settings from Section [EffectsQuality@3] File [C:/Users/micha/OneDrive/OneDrive/Documents/Unreal Projects/GPE104Final/MyProject2/Saved/Config/Windows/Scalability.ini]
[2021.08.18-04.21.10:282][  0]LogConfig: Setting CVar [[r.TranslucencyLightingVolumeDim:64]]
[2021.08.18-04.21.10:282][  0]LogConfig: Setting CVar [[r.RefractionQuality:2]]
[2021.08.18-04.21.10:282][  0]LogConfig: Setting CVar [[r.SSR.Quality:3]]
[2021.08.18-04.21.10:282][  0]LogConfig: Setting CVar [[r.SSR.HalfResSceneColor:0]]
[2021.08.18-04.21.10:282][  0]LogConfig: Setting CVar [[r.SceneColorFormat:4]]
[2021.08.18-04.21.10:282][  0]LogConfig: Setting CVar [[r.DetailMode:2]]
[2021.08.18-04.21.10:282][  0]LogConfig: Setting CVar [[r.TranslucencyVolumeBlur:1]]
[2021.08.18-04.21.10:282][  0]LogConfig: Setting CVar [[r.MaterialQualityLevel:1 ; High quality]]
[2021.08.18-04.21.10:282][  0]LogConfig: Setting CVar [[r.SSS.Scale:1]]
[2021.08.18-04.21.10:282][  0]LogConfig: Setting CVar [[r.SSS.SampleSet:2]]
[2021.08.18-04.21.10:282][  0]LogConfig: Setting CVar [[r.SSS.Quality:1]]
[2021.08.18-04.21.10:282][  0]LogConfig: Setting CVar [[r.SSS.HalfRes:1]]
[2021.08.18-04.21.10:282][  0]LogConfig: Setting CVar [[r.SSGI.Quality:3]]
[2021.08.18-04.21.10:282][  0]LogConfig: Setting CVar [[r.EmitterSpawnRateScale:1.0]]
[2021.08.18-04.21.10:282][  0]LogConfig: Setting CVar [[r.ParticleLightQuality:2]]
[2021.08.18-04.21.10:282][  0]LogConfig: Setting CVar [[r.SkyAtmosphere.AerialPerspectiveLUT.FastApplyOnOpaque:1 ; Always have FastSkyLUT 1 in this case to avoid wrong sky]]
[2021.08.18-04.21.10:282][  0]LogConfig: Setting CVar [[r.SkyAtmosphere.AerialPerspectiveLUT.SampleCountPerSlice:1]]
[2021.08.18-04.21.10:282][  0]LogConfig: Setting CVar [[r.SkyAtmosphere.AerialPerspectiveLUT.DepthResolution:16.0]]
[2021.08.18-04.21.10:282][  0]LogConfig: Setting CVar [[r.SkyAtmosphere.FastSkyLUT:1]]
[2021.08.18-04.21.10:282][  0]LogConfig: Setting CVar [[r.SkyAtmosphere.FastSkyLUT.SampleCountMin:4.0]]
[2021.08.18-04.21.10:282][  0]LogConfig: Setting CVar [[r.SkyAtmosphere.FastSkyLUT.SampleCountMax:32.0]]
[2021.08.18-04.21.10:282][  0]LogConfig: Setting CVar [[r.SkyAtmosphere.SampleCountMin:4.0]]
[2021.08.18-04.21.10:282][  0]LogConfig: Setting CVar [[r.SkyAtmosphere.SampleCountMax:32.0]]
[2021.08.18-04.21.10:282][  0]LogConfig: Setting CVar [[r.SkyAtmosphere.TransmittanceLUT.UseSmallFormat:0]]
[2021.08.18-04.21.10:282][  0]LogConfig: Setting CVar [[r.SkyAtmosphere.TransmittanceLUT.SampleCount:10.0]]
[2021.08.18-04.21.10:282][  0]LogConfig: Setting CVar [[r.SkyAtmosphere.MultiScatteringLUT.SampleCount:15.0]]
[2021.08.18-04.21.10:282][  0]LogConfig: Applying CVar settings from Section [FoliageQuality@3] File [C:/Users/micha/OneDrive/OneDrive/Documents/Unreal Projects/GPE104Final/MyProject2/Saved/Config/Windows/Scalability.ini]
[2021.08.18-04.21.10:282][  0]LogConfig: Setting CVar [[foliage.DensityScale:1.0]]
[2021.08.18-04.21.10:282][  0]LogConfig: Setting CVar [[grass.DensityScale:1.0]]
[2021.08.18-04.21.10:282][  0]LogConfig: Applying CVar settings from Section [ShadingQuality@3] File [C:/Users/micha/OneDrive/OneDrive/Documents/Unreal Projects/GPE104Final/MyProject2/Saved/Config/Windows/Scalability.ini]
[2021.08.18-04.21.10:282][  0]LogConfig: Setting CVar [[r.HairStrands.SkyLighting.SampleCount:16]]
[2021.08.18-04.21.10:282][  0]LogConfig: Setting CVar [[r.HairStrands.SkyLighting.JitterIntegration:0]]
[2021.08.18-04.21.10:282][  0]LogConfig: Setting CVar [[r.HairStrands.SkyAO.SampleCount:16]]
[2021.08.18-04.21.10:282][  0]LogInit: Selected Device Profile: [Windows]
[2021.08.18-04.21.10:282][  0]LogInit: Applying CVar settings loaded from the selected device profile: [Windows]
[2021.08.18-04.21.10:284][  0]LogHAL: Display: Platform has ~ 16 GB [17043329024 / 17179869184 / 16], which maps to Larger [LargestMinGB=32, LargerMinGB=12, DefaultMinGB=8, SmallerMinGB=6, SmallestMinGB=0)
[2021.08.18-04.21.10:284][  0]LogInit: Going up to parent DeviceProfile []
[2021.08.18-04.21.10:284][  0]LogConfig: Applying CVar settings from Section [ViewDistanceQuality@3] File [C:/Users/micha/OneDrive/OneDrive/Documents/Unreal Projects/GPE104Final/MyProject2/Saved/Config/Windows/Scalability.ini]
[2021.08.18-04.21.10:284][  0]LogConfig: Setting CVar [[r.SkeletalMeshLODBias:0]]
[2021.08.18-04.21.10:284][  0]LogConfig: Setting CVar [[r.ViewDistanceScale:1.0]]
[2021.08.18-04.21.10:284][  0]LogConfig: Applying CVar settings from Section [AntiAliasingQuality@3] File [C:/Users/micha/OneDrive/OneDrive/Documents/Unreal Projects/GPE104Final/MyProject2/Saved/Config/Windows/Scalability.ini]
[2021.08.18-04.21.10:284][  0]LogConfig: Setting CVar [[r.PostProcessAAQuality:4]]
[2021.08.18-04.21.10:284][  0]LogConfig: Applying CVar settings from Section [ShadowQuality@3] File [C:/Users/micha/OneDrive/OneDrive/Documents/Unreal Projects/GPE104Final/MyProject2/Saved/Config/Windows/Scalability.ini]
[2021.08.18-04.21.10:284][  0]LogConfig: Setting CVar [[r.LightFunctionQuality:1]]
[2021.08.18-04.21.10:284][  0]LogConfig: Setting CVar [[r.ShadowQuality:5]]
[2021.08.18-04.21.10:284][  0]LogConfig: Setting CVar [[r.Shadow.CSM.MaxCascades:10]]
[2021.08.18-04.21.10:284][  0]LogConfig: Setting CVar [[r.Shadow.MaxResolution:2048]]
[2021.08.18-04.21.10:284][  0]LogConfig: Setting CVar [[r.Shadow.MaxCSMResolution:2048]]
[2021.08.18-04.21.10:284][  0]LogConfig: Setting CVar [[r.Shadow.RadiusThreshold:0.01]]
[2021.08.18-04.21.10:284][  0]LogConfig: Setting CVar [[r.Shadow.DistanceScale:1.0]]
[2021.08.18-04.21.10:284][  0]LogConfig: Setting CVar [[r.Shadow.CSM.TransitionScale:1.0]]
[2021.08.18-04.21.10:284][  0]LogConfig: Setting CVar [[r.Shadow.PreShadowResolutionFactor:1.0]]
[2021.08.18-04.21.10:284][  0]LogConfig: Setting CVar [[r.DistanceFieldShadowing:1]]
[2021.08.18-04.21.10:284][  0]LogConfig: Setting CVar [[r.DistanceFieldAO:1]]
[2021.08.18-04.21.10:284][  0]LogConfig: Setting CVar [[r.AOQuality:2]]
[2021.08.18-04.21.10:284][  0]LogConfig: Setting CVar [[r.VolumetricFog:1]]
[2021.08.18-04.21.10:284][  0]LogConfig: Setting CVar [[r.VolumetricFog.GridPixelSize:8]]
[2021.08.18-04.21.10:284][  0]LogConfig: Setting CVar [[r.VolumetricFog.GridSizeZ:128]]
[2021.08.18-04.21.10:284][  0]LogConfig: Setting CVar [[r.VolumetricFog.HistoryMissSupersampleCount:4]]
[2021.08.18-04.21.10:284][  0]LogConfig: Setting CVar [[r.LightMaxDrawDistanceScale:1]]
[2021.08.18-04.21.10:284][  0]LogConfig: Setting CVar [[r.CapsuleShadows:1]]
[2021.08.18-04.21.10:284][  0]LogConfig: Applying CVar settings from Section [PostProcessQuality@3] File [C:/Users/micha/OneDrive/OneDrive/Documents/Unreal Projects/GPE104Final/MyProject2/Saved/Config/Windows/Scalability.ini]
[2021.08.18-04.21.10:284][  0]LogConfig: Setting CVar [[r.MotionBlurQuality:4]]
[2021.08.18-04.21.10:284][  0]LogConfig: Setting CVar [[r.AmbientOcclusionMipLevelFactor:0.4]]
[2021.08.18-04.21.10:284][  0]LogConfig: Setting CVar [[r.AmbientOcclusionMaxQuality:100]]
[2021.08.18-04.21.10:284][  0]LogConfig: Setting CVar [[r.AmbientOcclusionLevels:-1]]
[2021.08.18-04.21.10:284][  0]LogConfig: Setting CVar [[r.AmbientOcclusionRadiusScale:1.0]]
[2021.08.18-04.21.10:284][  0]LogConfig: Setting CVar [[r.DepthOfFieldQuality:2]]
[2021.08.18-04.21.10:284][  0]LogConfig: Setting CVar [[r.RenderTargetPoolMin:400]]
[2021.08.18-04.21.10:284][  0]LogConfig: Setting CVar [[r.LensFlareQuality:2]]
[2021.08.18-04.21.10:284][  0]LogConfig: Setting CVar [[r.SceneColorFringeQuality:1]]
[2021.08.18-04.21.10:284][  0]LogConfig: Setting CVar [[r.EyeAdaptationQuality:2]]
[2021.08.18-04.21.10:284][  0]LogConfig: Setting CVar [[r.BloomQuality:5]]
[2021.08.18-04.21.10:284][  0]LogConfig: Setting CVar [[r.FastBlurThreshold:100]]
[2021.08.18-04.21.10:284][  0]LogConfig: Setting CVar [[r.Upscale.Quality:3]]
[2021.08.18-04.21.10:284][  0]LogConfig: Setting CVar [[r.Tonemapper.GrainQuantization:1]]
[2021.08.18-04.21.10:284][  0]LogConfig: Setting CVar [[r.LightShaftQuality:1]]
[2021.08.18-04.21.10:284][  0]LogConfig: Setting CVar [[r.Filter.SizeScale:1]]
[2021.08.18-04.21.10:284][  0]LogConfig: Setting CVar [[r.Tonemapper.Quality:5]]
[2021.08.18-04.21.10:284][  0]LogConfig: Setting CVar [[r.DOF.Gather.AccumulatorQuality:1        ; higher gathering accumulator quality]]
[2021.08.18-04.21.10:284][  0]LogConfig: Setting CVar [[r.DOF.Gather.PostfilterMethod:1          ; Median3x3 postfilering method]]
[2021.08.18-04.21.10:284][  0]LogConfig: Setting CVar [[r.DOF.Gather.EnableBokehSettings:0       ; no bokeh simulation when gathering]]
[2021.08.18-04.21.10:284][  0]LogConfig: Setting CVar [[r.DOF.Gather.RingCount:4                 ; medium number of samples when gathering]]
[2021.08.18-04.21.10:284][  0]LogConfig: Setting CVar [[r.DOF.Scatter.ForegroundCompositing:1    ; additive foreground scattering]]
[2021.08.18-04.21.10:284][  0]LogConfig: Setting CVar [[r.DOF.Scatter.BackgroundCompositing:2    ; additive background scattering]]
[2021.08.18-04.21.10:284][  0]LogConfig: Setting CVar [[r.DOF.Scatter.EnableBokehSettings:1      ; bokeh simulation when scattering]]
[2021.08.18-04.21.10:284][  0]LogConfig: Setting CVar [[r.DOF.Scatter.MaxSpriteRatio:0.1         ; only a maximum of 10% of scattered bokeh]]
[2021.08.18-04.21.10:284][  0]LogConfig: Setting CVar [[r.DOF.Recombine.Quality:1                ; cheap slight out of focus]]
[2021.08.18-04.21.10:284][  0]LogConfig: Setting CVar [[r.DOF.Recombine.EnableBokehSettings:0    ; no bokeh simulation on slight out of focus]]
[2021.08.18-04.21.10:284][  0]LogConfig: Setting CVar [[r.DOF.TemporalAAQuality:1                ; more stable temporal accumulation]]
[2021.08.18-04.21.10:285][  0]LogConfig: Setting CVar [[r.DOF.Kernel.MaxForegroundRadius:0.025]]
[2021.08.18-04.21.10:285][  0]LogConfig: Setting CVar [[r.DOF.Kernel.MaxBackgroundRadius:0.025]]
[2021.08.18-04.21.10:285][  0]LogConfig: Applying CVar settings from Section [TextureQuality@3] File [C:/Users/micha/OneDrive/OneDrive/Documents/Unreal Projects/GPE104Final/MyProject2/Saved/Config/Windows/Scalability.ini]
[2021.08.18-04.21.10:285][  0]LogConfig: Setting CVar [[r.Streaming.MipBias:0]]
[2021.08.18-04.21.10:285][  0]LogConfig: Setting CVar [[r.Streaming.AmortizeCPUToGPUCopy:0]]
[2021.08.18-04.21.10:285][  0]LogConfig: Setting CVar [[r.Streaming.MaxNumTexturesToStreamPerFrame:0]]
[2021.08.18-04.21.10:285][  0]LogConfig: Setting CVar [[r.Streaming.Boost:1]]
[2021.08.18-04.21.10:285][  0]LogConfig: Setting CVar [[r.MaxAnisotropy:8]]
[2021.08.18-04.21.10:285][  0]LogConfig: Setting CVar [[r.VT.MaxAnisotropy:8]]
[2021.08.18-04.21.10:285][  0]LogConfig: Setting CVar [[r.Streaming.LimitPoolSizeToVRAM:0]]
[2021.08.18-04.21.10:285][  0]LogConfig: Setting CVar [[r.Streaming.PoolSize:1000]]
[2021.08.18-04.21.10:285][  0]LogConfig: Setting CVar [[r.Streaming.MaxEffectiveScreenSize:0]]
[2021.08.18-04.21.10:285][  0]LogConfig: Applying CVar settings from Section [EffectsQuality@3] File [C:/Users/micha/OneDrive/OneDrive/Documents/Unreal Projects/GPE104Final/MyProject2/Saved/Config/Windows/Scalability.ini]
[2021.08.18-04.21.10:285][  0]LogConfig: Setting CVar [[r.TranslucencyLightingVolumeDim:64]]
[2021.08.18-04.21.10:285][  0]LogConfig: Setting CVar [[r.RefractionQuality:2]]
[2021.08.18-04.21.10:285][  0]LogConfig: Setting CVar [[r.SSR.Quality:3]]
[2021.08.18-04.21.10:285][  0]LogConfig: Setting CVar [[r.SSR.HalfResSceneColor:0]]
[2021.08.18-04.21.10:285][  0]LogConfig: Setting CVar [[r.SceneColorFormat:4]]
[2021.08.18-04.21.10:285][  0]LogConfig: Setting CVar [[r.DetailMode:2]]
[2021.08.18-04.21.10:285][  0]LogConfig: Setting CVar [[r.TranslucencyVolumeBlur:1]]
[2021.08.18-04.21.10:285][  0]LogConfig: Setting CVar [[r.MaterialQualityLevel:1 ; High quality]]
[2021.08.18-04.21.10:285][  0]LogConfig: Setting CVar [[r.SSS.Scale:1]]
[2021.08.18-04.21.10:285][  0]LogConfig: Setting CVar [[r.SSS.SampleSet:2]]
[2021.08.18-04.21.10:285][  0]LogConfig: Setting CVar [[r.SSS.Quality:1]]
[2021.08.18-04.21.10:285][  0]LogConfig: Setting CVar [[r.SSS.HalfRes:1]]
[2021.08.18-04.21.10:285][  0]LogConfig: Setting CVar [[r.SSGI.Quality:3]]
[2021.08.18-04.21.10:285][  0]LogConfig: Setting CVar [[r.EmitterSpawnRateScale:1.0]]
[2021.08.18-04.21.10:285][  0]LogConfig: Setting CVar [[r.ParticleLightQuality:2]]
[2021.08.18-04.21.10:285][  0]LogConfig: Setting CVar [[r.SkyAtmosphere.AerialPerspectiveLUT.FastApplyOnOpaque:1 ; Always have FastSkyLUT 1 in this case to avoid wrong sky]]
[2021.08.18-04.21.10:285][  0]LogConfig: Setting CVar [[r.SkyAtmosphere.AerialPerspectiveLUT.SampleCountPerSlice:1]]
[2021.08.18-04.21.10:285][  0]LogConfig: Setting CVar [[r.SkyAtmosphere.AerialPerspectiveLUT.DepthResolution:16.0]]
[2021.08.18-04.21.10:285][  0]LogConfig: Setting CVar [[r.SkyAtmosphere.FastSkyLUT:1]]
[2021.08.18-04.21.10:285][  0]LogConfig: Setting CVar [[r.SkyAtmosphere.FastSkyLUT.SampleCountMin:4.0]]
[2021.08.18-04.21.10:285][  0]LogConfig: Setting CVar [[r.SkyAtmosphere.FastSkyLUT.SampleCountMax:32.0]]
[2021.08.18-04.21.10:285][  0]LogConfig: Setting CVar [[r.SkyAtmosphere.SampleCountMin:4.0]]
[2021.08.18-04.21.10:285][  0]LogConfig: Setting CVar [[r.SkyAtmosphere.SampleCountMax:32.0]]
[2021.08.18-04.21.10:285][  0]LogConfig: Setting CVar [[r.SkyAtmosphere.TransmittanceLUT.UseSmallFormat:0]]
[2021.08.18-04.21.10:285][  0]LogConfig: Setting CVar [[r.SkyAtmosphere.TransmittanceLUT.SampleCount:10.0]]
[2021.08.18-04.21.10:285][  0]LogConfig: Setting CVar [[r.SkyAtmosphere.MultiScatteringLUT.SampleCount:15.0]]
[2021.08.18-04.21.10:285][  0]LogConfig: Applying CVar settings from Section [FoliageQuality@3] File [C:/Users/micha/OneDrive/OneDrive/Documents/Unreal Projects/GPE104Final/MyProject2/Saved/Config/Windows/Scalability.ini]
[2021.08.18-04.21.10:285][  0]LogConfig: Setting CVar [[foliage.DensityScale:1.0]]
[2021.08.18-04.21.10:285][  0]LogConfig: Setting CVar [[grass.DensityScale:1.0]]
[2021.08.18-04.21.10:285][  0]LogConfig: Applying CVar settings from Section [ShadingQuality@3] File [C:/Users/micha/OneDrive/OneDrive/Documents/Unreal Projects/GPE104Final/MyProject2/Saved/Config/Windows/Scalability.ini]
[2021.08.18-04.21.10:285][  0]LogConfig: Setting CVar [[r.HairStrands.SkyLighting.SampleCount:16]]
[2021.08.18-04.21.10:285][  0]LogConfig: Setting CVar [[r.HairStrands.SkyLighting.JitterIntegration:0]]
[2021.08.18-04.21.10:285][  0]LogConfig: Setting CVar [[r.HairStrands.SkyAO.SampleCount:16]]
[2021.08.18-04.21.10:285][  0]LogConfig: Applying CVar settings from Section [Startup] File [../../../Engine/Config/ConsoleVariables.ini]
[2021.08.18-04.21.10:285][  0]LogConfig: Setting CVar [[net.UseAdaptiveNetUpdateFrequency:0]]
[2021.08.18-04.21.10:285][  0]LogConfig: Setting CVar [[p.chaos.AllowCreatePhysxBodies:1]]
[2021.08.18-04.21.10:285][  0]LogConfig: Applying CVar settings from Section [ConsoleVariables] File [C:/Users/micha/OneDrive/OneDrive/Documents/Unreal Projects/GPE104Final/MyProject2/Saved/Config/Windows/Engine.ini]
[2021.08.18-04.21.10:285][  0]LogInit: Computer: DESKTOP-1PGOROT
[2021.08.18-04.21.10:285][  0]LogInit: User: micha
[2021.08.18-04.21.10:285][  0]LogInit: CPU Page size=4096, Cores=8
[2021.08.18-04.21.10:285][  0]LogInit: High frequency timer resolution =10.000000 MHz
[2021.08.18-04.21.10:285][  0]LogMemory: Memory total: Physical=15.9GB (16GB approx)
[2021.08.18-04.21.10:285][  0]LogMemory: Platform Memory Stats for Windows
[2021.08.18-04.21.10:285][  0]LogMemory: Process Physical Memory: 107.23 MB used, 107.23 MB peak
[2021.08.18-04.21.10:285][  0]LogMemory: Process Virtual Memory: 102.52 MB used, 102.52 MB peak
[2021.08.18-04.21.10:285][  0]LogMemory: Physical Memory: 7565.58 MB used,  8688.20 MB free, 16253.79 MB total
[2021.08.18-04.21.10:285][  0]LogMemory: Virtual Memory: 5181.27 MB used,  134212544.00 MB free, 134217728.00 MB total
[2021.08.18-04.21.10:287][  0]LogWindows: WindowsPlatformFeatures enabled
[2021.08.18-04.21.10:297][  0]LogInit: Using OS detected language (en-US).
[2021.08.18-04.21.10:297][  0]LogInit: Using OS detected locale (en-US).
[2021.08.18-04.21.10:297][  0]LogTextLocalizationManager: No specific localization for 'en-US' exists, so the 'en' localization will be used.
[2021.08.18-04.21.10:399][  0]LogInit: Setting process to per monitor DPI aware
[2021.08.18-04.21.10:418][  0]LogSlate: New Slate User Created.  User Index 0, Is Virtual User: 0
[2021.08.18-04.21.10:418][  0]LogSlate: Slate User Registered.  User Index 0, Is Virtual User: 0
[2021.08.18-04.21.10:513][  0]LogHMD: Failed to initialize OpenVR with code 110
[2021.08.18-04.21.10:513][  0]LogD3D11RHI: D3D11 min allowed feature level: 11_0
[2021.08.18-04.21.10:513][  0]LogD3D11RHI: D3D11 max allowed feature level: 11_0
[2021.08.18-04.21.10:513][  0]LogD3D11RHI: D3D11 adapters:
[2021.08.18-04.21.10:590][  0]LogD3D11RHI:    0. 'NVIDIA GeForce RTX 2060' (Feature Level 11_0)
[2021.08.18-04.21.10:590][  0]LogD3D11RHI:       5980/0/8126 MB DedicatedVideo/DedicatedSystem/SharedSystem, Outputs:2, VendorId:0x10de
[2021.08.18-04.21.10:592][  0]LogD3D11RHI:    1. 'Microsoft Basic Render Driver' (Feature Level 11_0)
[2021.08.18-04.21.10:592][  0]LogD3D11RHI:       0/0/8126 MB DedicatedVideo/DedicatedSystem/SharedSystem, Outputs:0, VendorId:0x1414
[2021.08.18-04.21.10:592][  0]LogD3D11RHI: Chosen D3D11 Adapter: 0
[2021.08.18-04.21.10:596][  0]LogD3D11RHI: Creating new Direct3DDevice
[2021.08.18-04.21.10:596][  0]LogD3D11RHI:     GPU DeviceId: 0x1f08 (for the marketing name, search the web for "GPU Device Id")
[2021.08.18-04.21.10:596][  0]LogWindows: EnumDisplayDevices:
[2021.08.18-04.21.10:596][  0]LogWindows:    0. 'NVIDIA GeForce RTX 2060' (P:1 D:1)
[2021.08.18-04.21.10:596][  0]LogWindows:    1. 'NVIDIA GeForce RTX 2060' (P:0 D:1)
[2021.08.18-04.21.10:596][  0]LogWindows:    2. 'NVIDIA GeForce RTX 2060' (P:0 D:0)
[2021.08.18-04.21.10:596][  0]LogWindows:    3. 'NVIDIA GeForce RTX 2060' (P:0 D:0)
[2021.08.18-04.21.10:597][  0]LogWindows: DebugString: FoundDriverCount:4 
[2021.08.18-04.21.10:597][  0]LogD3D11RHI:     Adapter Name: NVIDIA GeForce RTX 2060
[2021.08.18-04.21.10:597][  0]LogD3D11RHI:   Driver Version: 461.92 (internal:27.21.14.6192, unified:461.92)
[2021.08.18-04.21.10:597][  0]LogD3D11RHI:      Driver Date: 3-10-2021
[2021.08.18-04.21.10:597][  0]LogRHI: Texture pool is 4186 MB (70% of 5980 MB)
[2021.08.18-04.21.10:651][  0]LogD3D11RHI: RHI has support for 64 bit atomics
[2021.08.18-04.21.10:652][  0]LogD3D11RHI: Async texture creation enabled
[2021.08.18-04.21.10:663][  0]LogD3D11RHI: GPU Timing Frequency: 1000.000000 (Debug: 2 1)
[2021.08.18-04.21.10:844][  0]LogTargetPlatformManager: Display: Loaded TargetPlatform 'AllDesktop'
[2021.08.18-04.21.10:864][  0]LogTargetPlatformManager: Display: Loaded TargetPlatform 'Android'
[2021.08.18-04.21.10:864][  0]LogTargetPlatformManager: Display: Loaded TargetPlatform 'Android_ASTC'
[2021.08.18-04.21.10:864][  0]LogTargetPlatformManager: Display: Loaded TargetPlatform 'Android_ATC'
[2021.08.18-04.21.10:864][  0]LogTargetPlatformManager: Display: Loaded TargetPlatform 'Android_DXT'
[2021.08.18-04.21.10:864][  0]LogTargetPlatformManager: Display: Loaded TargetPlatform 'Android_ETC1'
[2021.08.18-04.21.10:864][  0]LogTargetPlatformManager: Display: Loaded TargetPlatform 'Android_ETC1a'
[2021.08.18-04.21.10:864][  0]LogTargetPlatformManager: Display: Loaded TargetPlatform 'Android_ETC2'
[2021.08.18-04.21.10:864][  0]LogTargetPlatformManager: Display: Loaded TargetPlatform 'Android_PVRTC'
[2021.08.18-04.21.10:864][  0]LogTargetPlatformManager: Display: Loaded TargetPlatform 'AndroidClient'
[2021.08.18-04.21.10:864][  0]LogTargetPlatformManager: Display: Loaded TargetPlatform 'Android_ASTCClient'
[2021.08.18-04.21.10:864][  0]LogTargetPlatformManager: Display: Loaded TargetPlatform 'Android_ATCClient'
[2021.08.18-04.21.10:864][  0]LogTargetPlatformManager: Display: Loaded TargetPlatform 'Android_DXTClient'
[2021.08.18-04.21.10:864][  0]LogTargetPlatformManager: Display: Loaded TargetPlatform 'Android_ETC1Client'
[2021.08.18-04.21.10:864][  0]LogTargetPlatformManager: Display: Loaded TargetPlatform 'Android_ETC1aClient'
[2021.08.18-04.21.10:864][  0]LogTargetPlatformManager: Display: Loaded TargetPlatform 'Android_ETC2Client'
[2021.08.18-04.21.10:864][  0]LogTargetPlatformManager: Display: Loaded TargetPlatform 'Android_PVRTCClient'
[2021.08.18-04.21.10:864][  0]LogTargetPlatformManager: Display: Loaded TargetPlatform 'Android_Multi'
[2021.08.18-04.21.10:864][  0]LogTargetPlatformManager: Display: Loaded TargetPlatform 'Android_MultiClient'
[2021.08.18-04.21.10:878][  0]LogTargetPlatformManager: Display: Loaded TargetPlatform 'IOSClient'
[2021.08.18-04.21.10:878][  0]LogTargetPlatformManager: Display: Loaded TargetPlatform 'IOS'
[2021.08.18-04.21.10:883][  0]LogTargetPlatformManager: Display: Loaded TargetPlatform 'LinuxNoEditor'
[2021.08.18-04.21.10:888][  0]LogTargetPlatformManager: Display: Loaded TargetPlatform 'LinuxClient'
[2021.08.18-04.21.10:893][  0]LogTargetPlatformManager: Display: Loaded TargetPlatform 'LinuxServer'
[2021.08.18-04.21.10:898][  0]LogTargetPlatformManager: Display: Loaded TargetPlatform 'LinuxAArch64NoEditor'
[2021.08.18-04.21.10:903][  0]LogTargetPlatformManager: Display: Loaded TargetPlatform 'LinuxAArch64Client'
[2021.08.18-04.21.10:908][  0]LogTargetPlatformManager: Display: Loaded TargetPlatform 'LinuxAArch64Server'
[2021.08.18-04.21.10:927][  0]LogTargetPlatformManager: Display: Loaded TargetPlatform 'Lumin'
[2021.08.18-04.21.10:927][  0]LogTargetPlatformManager: Display: Loaded TargetPlatform 'LuminClient'
[2021.08.18-04.21.10:937][  0]LogTargetPlatformManager: Display: Loaded TargetPlatform 'TVOSClient'
[2021.08.18-04.21.10:937][  0]LogTargetPlatformManager: Display: Loaded TargetPlatform 'TVOS'
[2021.08.18-04.21.10:942][  0]LogTargetPlatformManager: Display: Loaded TargetPlatform 'WindowsNoEditor'
[2021.08.18-04.21.10:948][  0]LogTargetPlatformManager: Display: Loaded TargetPlatform 'Windows'
[2021.08.18-04.21.10:953][  0]LogTargetPlatformManager: Display: Loaded TargetPlatform 'WindowsClient'
[2021.08.18-04.21.10:959][  0]LogTargetPlatformManager: Display: Loaded TargetPlatform 'WindowsServer'
[2021.08.18-04.21.10:959][  0]LogTargetPlatformManager: Display: Building Assets For Windows
[2021.08.18-04.21.10:961][  0]LogAudioDebug: Display: Lib vorbis DLL was dynamically loaded.
[2021.08.18-04.21.10:977][  0]LogShaderCompilers: Guid format shader working directory is -51 characters bigger than the processId version (../../../../../../Users/micha/OneDrive/OneDrive/Documents/Unreal Projects/GPE104Final/MyProject2/Intermediate/Shaders/WorkingDirectory/14692/).
[2021.08.18-04.21.10:977][  0]LogShaderCompilers: Cleaned the shader compiler working directory 'C:/Users/micha/AppData/Local/Temp/UnrealShaderWorkingDir/F92DED4C4F28A674276DF2A9345D7DAE/'.
[2021.08.18-04.21.10:977][  0]LogXGEController: Cleaning working directory: C:/Users/micha/AppData/Local/Temp/UnrealXGEWorkingDir/
[2021.08.18-04.21.10:977][  0]LogXGEController: Cannot use XGE Controller as Incredibuild is not installed on this machine.
[2021.08.18-04.21.10:977][  0]LogShaderCompilers: Cannot use XGE Shader Compiler as Incredibuild is not installed on this machine.
[2021.08.18-04.21.10:977][  0]LogShaderCompilers: Display: Using Local Shader Compiler.
[2021.08.18-04.21.11:476][  0]LogDerivedDataCache: Display: Max Cache Size: 512 MB
[2021.08.18-04.21.11:517][  0]LogDerivedDataCache: Loaded boot cache 0.04s 78MB C:/Users/micha/AppData/Local/UnrealEngine/4.24/DerivedDataCache/Boot.ddc.
[2021.08.18-04.21.11:517][  0]LogDerivedDataCache: Display: Loaded Boot cache: C:/Users/micha/AppData/Local/UnrealEngine/4.24/DerivedDataCache/Boot.ddc
[2021.08.18-04.21.11:517][  0]LogDerivedDataCache: FDerivedDataBackendGraph:  Pak pak cache file ../../../../../../Users/micha/OneDrive/OneDrive/Documents/Unreal Projects/GPE104Final/MyProject2/DerivedDataCache/DDC.ddp not found, will not use a pak cache.
[2021.08.18-04.21.11:517][  0]LogDerivedDataCache: Unable to find inner node Pak for hierarchical cache Hierarchy.
[2021.08.18-04.21.11:518][  0]LogDerivedDataCache: FDerivedDataBackendGraph:  CompressedPak pak cache file ../../../../../../Users/micha/OneDrive/OneDrive/Documents/Unreal Projects/GPE104Final/MyProject2/DerivedDataCache/Compressed.ddp not found, will not use a pak cache.
[2021.08.18-04.21.11:518][  0]LogDerivedDataCache: Unable to find inner node CompressedPak for hierarchical cache Hierarchy.
[2021.08.18-04.21.11:525][  0]LogDerivedDataCache: Display: Pak cache opened for reading ../../../Engine/DerivedDataCache/Compressed.ddp.
[2021.08.18-04.21.11:525][  0]LogDerivedDataCache: FDerivedDataBackendGraph:  EnterprisePak pak cache file ../../../Enterprise/DerivedDataCache/Compressed.ddp not found, will not use a pak cache.
[2021.08.18-04.21.11:525][  0]LogDerivedDataCache: Unable to find inner node EnterprisePak for hierarchical cache Hierarchy.
[2021.08.18-04.21.11:526][  0]LogDerivedDataCache: Using Local data cache path C:/Users/micha/AppData/Local/UnrealEngine/Common/DerivedDataCache: Writable
[2021.08.18-04.21.11:526][  0]LogDerivedDataCache: Shared data cache path not found in *engine.ini, will not use an Shared cache.
[2021.08.18-04.21.11:526][  0]LogDerivedDataCache: Unable to find inner node Shared for hierarchical cache Hierarchy.
[2021.08.18-04.21.11:542][  0]LogMaterial: Verifying Global Shaders for PCD3D_SM5
[2021.08.18-04.21.11:544][  0]LogSlate: Using FreeType 2.10.0
[2021.08.18-04.21.11:544][  0]LogSlate: SlateFontServices - WITH_FREETYPE: 1, WITH_HARFBUZZ: 1
[2021.08.18-04.21.11:580][  0]LogAssetRegistry: FAssetRegistry took 0.0023 seconds to start up
[2021.08.18-04.21.11:764][  0]LogInit: Selected Device Profile: [Windows]
[2021.08.18-04.21.11:866][  0]LogMeshReduction: Using QuadricMeshReduction for automatic static mesh reduction
[2021.08.18-04.21.11:866][  0]LogMeshReduction: Using SimplygonMeshReduction for automatic skeletal mesh reduction
[2021.08.18-04.21.11:866][  0]LogMeshReduction: Using ProxyLODMeshReduction for automatic mesh merging
[2021.08.18-04.21.11:866][  0]LogMeshReduction: No distributed automatic mesh merging module available
[2021.08.18-04.21.11:866][  0]LogMeshMerging: No distributed automatic mesh merging module available
[2021.08.18-04.21.11:876][  0]LogNetVersion: GPEFinal 1.0.0, NetCL: 10570792, EngineNetVer: 13, GameNetVer: 0 (Checksum: 1159706437)
[2021.08.18-04.21.12:546][  0]LogPackageLocalizationCache: Processed 10 localized package path(s) for 1 prioritized culture(s) in 0.022025 seconds
[2021.08.18-04.21.12:551][  0]LogUObjectArray: 46750 objects as part of root set at end of initial load.
[2021.08.18-04.21.12:551][  0]LogUObjectAllocator: 8137160 out of 0 bytes used by permanent object pool.
[2021.08.18-04.21.12:551][  0]LogUObjectArray: CloseDisregardForGC: 0/0 objects in disregard for GC pool
[2021.08.18-04.21.12:803][  0]LogTcpMessaging: Initializing TcpMessaging bridge
[2021.08.18-04.21.12:805][  0]LogUdpMessaging: Initializing bridge on interface 0.0.0.0:0 to multicast group 230.0.0.1:6666.
[2021.08.18-04.21.12:836][  0]SourceControl: Source control is disabled
[2021.08.18-04.21.12:836][  0]SourceControl: Source control is disabled
[2021.08.18-04.21.12:837][  0]SourceControl: Source control is disabled
[2021.08.18-04.21.12:838][  0]SourceControl: Source control is disabled
[2021.08.18-04.21.12:838][  0]SourceControl: Source control is disabled
[2021.08.18-04.21.12:891][  0]LogAndroidPermission: UAndroidPermissionCallbackProxy::GetInstance
[2021.08.18-04.21.12:896][  0]LogAudioCaptureCore: Display: No Audio Capture implementations found. Audio input will be silent.
[2021.08.18-04.21.12:896][  0]LogAudioCaptureCore: Display: No Audio Capture implementations found. Audio input will be silent.
[2021.08.18-04.21.12:948][  0]LogOcInput: OculusInput pre-init called
[2021.08.18-04.21.12:953][  0]LogWindows: Failed to load 'OVRPlugin.dll' (GetLastError=126)
[2021.08.18-04.21.12:953][  0]LogWindows: File 'OVRPlugin.dll' does not exist
[2021.08.18-04.21.12:998][  0]LogEngine: Initializing Engine...
[2021.08.18-04.21.12:999][  0]LogHMD: Failed to initialize OpenVR with code 110
[2021.08.18-04.21.12:999][  0]LogStats: UGameplayTagsManager::InitializeManager -  0.000 s
[2021.08.18-04.21.13:226][  0]LogInit: Initializing FReadOnlyCVARCache
[2021.08.18-04.21.13:231][  0]LogAIModule: Creating AISystem for world Untitled
[2021.08.18-04.21.13:245][  0]LogAudioMixer: Display: Audio Mixer Platform Settings:
[2021.08.18-04.21.13:245][  0]LogAudioMixer: Display: 	Sample Rate:						  48000
[2021.08.18-04.21.13:245][  0]LogAudioMixer: Display: 	Callback Buffer Frame Size Requested: 1024
[2021.08.18-04.21.13:245][  0]LogAudioMixer: Display: 	Callback Buffer Frame Size To Use:	  1024
[2021.08.18-04.21.13:245][  0]LogAudioMixer: Display: 	Number of buffers to queue:			  2
[2021.08.18-04.21.13:245][  0]LogAudioMixer: Display: 	Max Channels (voices):				  32
[2021.08.18-04.21.13:245][  0]LogAudioMixer: Display: 	Number of Async Source Workers:		  0
[2021.08.18-04.21.13:245][  0]LogAudio: Display: AudioDevice MaxSources: 32
[2021.08.18-04.21.13:245][  0]LogAudio: Display: Using built-in audio occlusion.
[2021.08.18-04.21.13:245][  0]LogAudioMixer: Display: Initializing audio mixer.
[2021.08.18-04.21.13:252][  0]LogAudioMixer: Display: Audio Device Output Speaker Info:
[2021.08.18-04.21.13:252][  0]LogAudioMixer: Display: Name: Speakers (Realtek High Definition Audio)
[2021.08.18-04.21.13:252][  0]LogAudioMixer: Display: Is Default: Yes
[2021.08.18-04.21.13:252][  0]LogAudioMixer: Display: Sample Rate: 48000
[2021.08.18-04.21.13:252][  0]LogAudioMixer: Display: Channel Count Used: 2
[2021.08.18-04.21.13:252][  0]LogAudioMixer: Display: Device Channel Count: 2
[2021.08.18-04.21.13:252][  0]LogAudioMixer: Display: Channel Order:
[2021.08.18-04.21.13:252][  0]LogAudioMixer: Display: 0: FrontLeft
[2021.08.18-04.21.13:252][  0]LogAudioMixer: Display: 1: FrontRight
[2021.08.18-04.21.13:261][  0]LogAudioMixer: Display: Using Audio Device Speakers (Realtek High Definition Audio)
[2021.08.18-04.21.13:266][  0]LogInit: FAudioDevice initialized.
[2021.08.18-04.21.13:266][  0]LogNetVersion: Set ProjectVersion to 1.0.0.0. Version Checksum will be recalculated on next use.
[2021.08.18-04.21.13:307][  0]LogDerivedDataCache: Saved boot cache 0.04s 78MB C:/Users/micha/AppData/Local/UnrealEngine/4.24/DerivedDataCache/Boot.ddc.
[2021.08.18-04.21.13:308][  0]LogInit: Texture streaming: Enabled
[2021.08.18-04.21.13:315][  0]LogEngineSessionManager: EngineSessionManager initialized
[2021.08.18-04.21.13:315][  0]LogEditorSessionSummary: Verbose: Initializing EditorSessionSummaryWriter for editor session tracking
[2021.08.18-04.21.13:316][  0]LogEditorSessionSummary: EditorSessionSummaryWriter initialized
[2021.08.18-04.21.13:341][  0]LogInit: Transaction tracking system initialized
[2021.08.18-04.21.13:349][  0]BlueprintLog: New page: Editor Load
[2021.08.18-04.21.13:371][  0]LocalizationService: Localization service is disabled
[2021.08.18-04.21.13:555][  0]LogFileCache: Scanning file cache for directory 'C:/Users/micha/OneDrive/OneDrive/Documents/Unreal Projects/GPE104Final/MyProject2/Content/' took 0.00s
[2021.08.18-04.21.13:555][  0]LogCook: Display: Max memory allowance for cook 16384mb min free memory 0mb
[2021.08.18-04.21.13:555][  0]LogCook: Display: Mobile HDR setting 1
[2021.08.18-04.21.14:091][  0]SourceControl: Source control is disabled
[2021.08.18-04.21.14:091][  0]LightingResults: New page: Lighting Build
[2021.08.18-04.21.14:092][  0]LogWorld: UWorld::CleanupWorld for Untitled, bSessionEnded=true, bCleanupResources=true
[2021.08.18-04.21.14:092][  0]LogSlate: InvalidateAllWidgets triggered.  All widgets were invalidated
[2021.08.18-04.21.14:093][  0]MapCheck: New page: Map Check
[2021.08.18-04.21.14:093][  0]LightingResults: New page: Lighting Build
[2021.08.18-04.21.14:122][  0]LogUObjectHash: Compacting FUObjectHashTables data took   1.20ms
[2021.08.18-04.21.14:329][  0]LogAIModule: Creating AISystem for world FirstPersonExampleMap
[2021.08.18-04.21.14:342][  0]LogEditorServer: Finished looking for orphan Actors (0.000 secs)
[2021.08.18-04.21.14:372][  0]LogUObjectHash: Compacting FUObjectHashTables data took   1.30ms
[2021.08.18-04.21.14:372][  0]Cmd: MAP CHECKDEP NOCLEARLOG
[2021.08.18-04.21.14:372][  0]MapCheck: Map check complete: 0 Error(s), 0 Warning(s), took 0.122ms to complete.
[2021.08.18-04.21.14:372][  0]LogFileHelpers: Loading map 'FirstPersonExampleMap' took 0.282
[2021.08.18-04.21.14:460][  0]LogSlate: Updating window title bar state: overlay mode, drag disabled, window buttons hidden, title bar hidden
[2021.08.18-04.21.14:465][  0]LogSlate: Updating window title bar state: overlay mode, drag disabled, window buttons hidden, title bar hidden
[2021.08.18-04.21.14:469][  0]LogSlate: Updating window title bar state: overlay mode, drag disabled, window buttons hidden, title bar hidden
[2021.08.18-04.21.14:473][  0]LogSlate: Updating window title bar state: overlay mode, drag disabled, window buttons hidden, title bar hidden
[2021.08.18-04.21.14:476][  0]LogCollectionManager: Loaded 0 collections in 0.001061 seconds
[2021.08.18-04.21.14:486][  0]LogFileCache: Scanning file cache for directory 'C:/Users/micha/OneDrive/OneDrive/Documents/Unreal Projects/GPE104Final/MyProject2/Saved/Collections/' took 0.00s
[2021.08.18-04.21.14:486][  0]LogFileCache: Scanning file cache for directory 'C:/Users/micha/OneDrive/OneDrive/Documents/Unreal Projects/GPE104Final/MyProject2/Content/Developers/micha/Collections/' took 0.00s
[2021.08.18-04.21.14:486][  0]LogFileCache: Scanning file cache for directory 'C:/Users/micha/OneDrive/OneDrive/Documents/Unreal Projects/GPE104Final/MyProject2/Content/Collections/' took 0.00s
[2021.08.18-04.21.14:486][  0]LogContentBrowser: Native class hierarchy populated in 0.0056 seconds. Added 3015 classes and 717 folders.
[2021.08.18-04.21.14:487][  0]LogContentBrowser: Native class hierarchy updated for 'WidgetCarousel' in 0.0002 seconds. Added 0 classes and 0 folders.
[2021.08.18-04.21.14:523][  0]LogContentBrowser: Native class hierarchy updated for 'AddContentDialog' in 0.0002 seconds. Added 0 classes and 0 folders.
[2021.08.18-04.21.14:525][  0]LogContentBrowser: Native class hierarchy updated for 'SceneOutliner' in 0.0002 seconds. Added 2 classes and 3 folders.
[2021.08.18-04.21.14:598][  0]LogSlate: Took 0.000165 seconds to synchronously load lazily loaded font '../../../Engine/Content/Slate/Fonts/Roboto-Regular.ttf' (155K)
[2021.08.18-04.21.14:599][  0]LogSlate: Took 0.000130 seconds to synchronously load lazily loaded font '../../../Engine/Content/Slate/Fonts/Roboto-Bold.ttf' (160K)
[2021.08.18-04.21.14:602][  0]LogSlate: Took 0.000191 seconds to synchronously load lazily loaded font '../../../Engine/Content/Editor/Slate/Fonts/FontAwesome.ttf' (139K)
[2021.08.18-04.21.14:651][  0]LogRenderer: Reallocating scene render targets to support 1268x628 Format 10 NumSamples 1 (Frame:1).
[2021.08.18-04.21.14:723][  0]LogContentBrowser: Native class hierarchy updated for 'HierarchicalLODOutliner' in 0.0002 seconds. Added 0 classes and 0 folders.
[2021.08.18-04.21.14:723][  0]LogLoad: (Engine Initialization) Total time: 5.36 seconds
[2021.08.18-04.21.14:723][  0]LogLoad: (Engine Initialization) Total Blueprint compile time: 0.00 seconds
[2021.08.18-04.21.14:753][  0]LogAssetRegistry: Asset discovery search completed in 3.1739 seconds
[2021.08.18-04.21.14:755][  0]LogCollectionManager: Fixed up redirectors for 0 collections in 0.000005 seconds (updated 0 objects)
[2021.08.18-04.21.14:756][  0]LogContentStreaming: Texture pool size now 1000 MB
[2021.08.18-04.21.14:769][  0]LogSlate: Took 0.000147 seconds to synchronously load lazily loaded font '../../../Engine/Content/Slate/Fonts/Roboto-Light.ttf' (167K)
[2021.08.18-04.22.42:456][480]LogSlate: Took 0.000151 seconds to synchronously load lazily loaded font '../../../Engine/Content/Slate/Fonts/Roboto-Light.ttf' (167K)
[2021.08.18-04.22.42:471][480]LogAssetEditorSubsystem: Opening Asset editor for Blueprint /Game/FirstPersonBP/Blueprints/FirstPersonCharacter.FirstPersonCharacter
[2021.08.18-04.22.42:581][480]LogContentBrowser: Native class hierarchy updated for 'BlueprintGraph' in 0.0004 seconds. Added 121 classes and 0 folders.
[2021.08.18-04.22.43:081][480]LogSlate: Took 0.000162 seconds to synchronously load lazily loaded font '../../../Engine/Content/Slate/Fonts/Roboto-BoldCondensed.ttf' (158K)
[2021.08.18-04.22.43:161][481]LogSlate: Took 0.000222 seconds to synchronously load lazily loaded font '../../../Engine/Content/Slate/Fonts/Roboto-Italic.ttf' (157K)
[2021.08.18-04.23.17:368][198]LogSlate: Window 'FirstPersonCharacter' being destroyed
[2021.08.18-04.23.17:374][198]LogSlate: Window 'FirstPersonCharacter' being destroyed
[2021.08.18-04.23.17:378][198]LogWorld: UWorld::CleanupWorld for World_2, bSessionEnded=true, bCleanupResources=true
[2021.08.18-04.23.17:378][198]LogSlate: InvalidateAllWidgets triggered.  All widgets were invalidated
[2021.08.18-04.23.20:462][534]LogAssetEditorSubsystem: Opening Asset editor for Blueprint /Game/FirstPersonBP/Blueprints/FirstPersonCharacter.FirstPersonCharacter
[2021.08.18-04.23.54:841][962]LogEditorTransaction: Undo Promote To Variable
[2021.08.18-04.25.40:324][148]BlueprintLog: New page: Compile FirstPersonCharacter
[2021.08.18-04.25.40:500][148]LogUObjectHash: Compacting FUObjectHashTables data took   2.28ms
[2021.08.18-04.25.48:342][545]LogSlate: Window 'FirstPersonCharacter' being destroyed
[2021.08.18-04.25.48:347][545]LogSlate: Window 'FirstPersonCharacter' being destroyed
[2021.08.18-04.25.48:351][545]LogWorld: UWorld::CleanupWorld for World_3, bSessionEnded=true, bCleanupResources=true
[2021.08.18-04.25.48:351][545]LogSlate: InvalidateAllWidgets triggered.  All widgets were invalidated
[2021.08.18-04.25.49:271][650]LogTemp: Repeating last play command: Selected Viewport
[2021.08.18-04.25.49:274][650]LogBlueprintUserMessages: Early PlayInEditor Detection: Level '/Game/FirstPersonBP/Maps/FirstPersonExampleMap.FirstPersonExampleMap:PersistentLevel' has LevelScriptBlueprint '/Game/FirstPersonBP/Maps/FirstPersonExampleMap.FirstPersonExampleMap:PersistentLevel.FirstPersonExampleMap' with GeneratedClass '/Game/FirstPersonBP/Maps/FirstPersonExampleMap.FirstPersonExampleMap_C' with ClassGeneratedBy '/Game/FirstPersonBP/Maps/FirstPersonExampleMap.FirstPersonExampleMap:PersistentLevel.FirstPersonExampleMap'
[2021.08.18-04.25.49:274][650]LogPlayLevel: PlayLevel: No blueprints needed recompiling
[2021.08.18-04.25.49:275][650]PIE: New page: PIE session: FirstPersonExampleMap (Aug 17, 2021, 2:25:49 PM)
[2021.08.18-04.25.49:275][650]LogOnline: OSS: Creating online subsystem instance for: NULL
[2021.08.18-04.25.49:276][650]LogOnline: OSS: TryLoadSubsystemAndSetDefault: Loaded subsystem for module [NULL]
[2021.08.18-04.25.49:276][650]LogPlayLevel: Creating play world package: /Game/FirstPersonBP/Maps/UEDPIE_0_FirstPersonExampleMap
[2021.08.18-04.25.49:287][650]LogPlayLevel: PIE: StaticDuplicateObject took: (0.010907s)
[2021.08.18-04.25.49:288][650]LogAIModule: Creating AISystem for world FirstPersonExampleMap
[2021.08.18-04.25.49:288][650]LogPlayLevel: PIE: World Init took: (0.000936s)
[2021.08.18-04.25.49:288][650]LogPlayLevel: PIE: Created PIE world by copying editor world from /Game/FirstPersonBP/Maps/FirstPersonExampleMap.FirstPersonExampleMap to /Game/FirstPersonBP/Maps/UEDPIE_0_FirstPersonExampleMap.FirstPersonExampleMap (0.012039s)
[2021.08.18-04.25.49:318][650]LogUObjectHash: Compacting FUObjectHashTables data took   1.92ms
[2021.08.18-04.25.49:319][650]LogAudioMixer: Display: Audio Mixer Platform Settings:
[2021.08.18-04.25.49:319][650]LogAudioMixer: Display: 	Sample Rate:						  48000
[2021.08.18-04.25.49:319][650]LogAudioMixer: Display: 	Callback Buffer Frame Size Requested: 1024
[2021.08.18-04.25.49:319][650]LogAudioMixer: Display: 	Callback Buffer Frame Size To Use:	  1024
[2021.08.18-04.25.49:319][650]LogAudioMixer: Display: 	Number of buffers to queue:			  2
[2021.08.18-04.25.49:319][650]LogAudioMixer: Display: 	Max Channels (voices):				  32
[2021.08.18-04.25.49:319][650]LogAudioMixer: Display: 	Number of Async Source Workers:		  0
[2021.08.18-04.25.49:319][650]LogAudio: Display: AudioDevice MaxSources: 32
[2021.08.18-04.25.49:319][650]LogAudio: Display: Using built-in audio occlusion.
[2021.08.18-04.25.49:319][650]LogAudioMixer: Display: Initializing audio mixer.
[2021.08.18-04.25.49:323][650]LogAudioMixer: Display: Audio Device Output Speaker Info:
[2021.08.18-04.25.49:323][650]LogAudioMixer: Display: Name: Speakers (Realtek High Definition Audio)
[2021.08.18-04.25.49:323][650]LogAudioMixer: Display: Is Default: Yes
[2021.08.18-04.25.49:323][650]LogAudioMixer: Display: Sample Rate: 48000
[2021.08.18-04.25.49:323][650]LogAudioMixer: Display: Channel Count Used: 2
[2021.08.18-04.25.49:323][650]LogAudioMixer: Display: Device Channel Count: 2
[2021.08.18-04.25.49:323][650]LogAudioMixer: Display: Channel Order:
[2021.08.18-04.25.49:323][650]LogAudioMixer: Display: 0: FrontLeft
[2021.08.18-04.25.49:323][650]LogAudioMixer: Display: 1: FrontRight
[2021.08.18-04.25.49:329][650]LogAudioMixer: Display: Using Audio Device Speakers (Realtek High Definition Audio)
[2021.08.18-04.25.49:330][650]LogInit: FAudioDevice initialized.
[2021.08.18-04.25.49:341][650]LogLoad: Game class is 'FirstPersonGameMode_C'
[2021.08.18-04.25.49:343][650]LogWorld: Bringing World /Game/FirstPersonBP/Maps/UEDPIE_0_FirstPersonExampleMap.FirstPersonExampleMap up for play (max tick rate 0) at 2021.08.17-21.25.49
[2021.08.18-04.25.49:343][650]LogWorld: Bringing up level for play took: 0.001152
[2021.08.18-04.25.49:343][650]LogOnline: OSS: Creating online subsystem instance for: :Context_5
[2021.08.18-04.25.49:347][650]LogContentBrowser: Native class hierarchy updated for 'MovieSceneCapture' in 0.0002 seconds. Added 20 classes and 0 folders.
[2021.08.18-04.25.49:347][650]PIE: Play in editor start time for /Game/FirstPersonBP/Maps/UEDPIE_0_FirstPersonExampleMap 0.39
[2021.08.18-04.25.49:347][650]LogBlueprintUserMessages: Late PlayInEditor Detection: Level '/Game/FirstPersonBP/Maps/FirstPersonExampleMap.FirstPersonExampleMap:PersistentLevel' has LevelScriptBlueprint '/Game/FirstPersonBP/Maps/FirstPersonExampleMap.FirstPersonExampleMap:PersistentLevel.FirstPersonExampleMap' with GeneratedClass '/Game/FirstPersonBP/Maps/FirstPersonExampleMap.FirstPersonExampleMap_C' with ClassGeneratedBy '/Game/FirstPersonBP/Maps/FirstPersonExampleMap.FirstPersonExampleMap:PersistentLevel.FirstPersonExampleMap'
[2021.08.18-04.25.52:426][997]LogAudioMixer: Display: No commands were queued while flushing the source manager.
[2021.08.18-04.25.52:426][997]LogAudioMixer: Display: No commands were queued while flushing the source manager.
[2021.08.18-04.25.52:426][997]LogBlueprintUserMessages: Early EndPlayMap Detection: Level '/Game/FirstPersonBP/Maps/FirstPersonExampleMap.FirstPersonExampleMap:PersistentLevel' has LevelScriptBlueprint '/Game/FirstPersonBP/Maps/FirstPersonExampleMap.FirstPersonExampleMap:PersistentLevel.FirstPersonExampleMap' with GeneratedClass '/Game/FirstPersonBP/Maps/FirstPersonExampleMap.FirstPersonExampleMap_C' with ClassGeneratedBy '/Game/FirstPersonBP/Maps/FirstPersonExampleMap.FirstPersonExampleMap:PersistentLevel.FirstPersonExampleMap'
[2021.08.18-04.25.52:426][997]LogSlate: Updating window title bar state: overlay mode, drag disabled, window buttons hidden, title bar hidden
[2021.08.18-04.25.52:426][997]LogWorld: BeginTearingDown for /Game/FirstPersonBP/Maps/UEDPIE_0_FirstPersonExampleMap
[2021.08.18-04.25.52:426][997]LogAudioMixer: Display: No commands were queued while flushing the source manager.
[2021.08.18-04.25.52:426][997]LogWorld: UWorld::CleanupWorld for FirstPersonExampleMap, bSessionEnded=true, bCleanupResources=true
[2021.08.18-04.25.52:426][997]LogSlate: InvalidateAllWidgets triggered.  All widgets were invalidated
[2021.08.18-04.25.52:430][997]LogPlayLevel: Display: Shutting down PIE online subsystems
[2021.08.18-04.25.52:430][997]LogBlueprintUserMessages: Late EndPlayMap Detection: Level '/Game/FirstPersonBP/Maps/FirstPersonExampleMap.FirstPersonExampleMap:PersistentLevel' has LevelScriptBlueprint '/Game/FirstPersonBP/Maps/FirstPersonExampleMap.FirstPersonExampleMap:PersistentLevel.FirstPersonExampleMap' with GeneratedClass '/Game/FirstPersonBP/Maps/FirstPersonExampleMap.FirstPersonExampleMap_C' with ClassGeneratedBy '/Game/FirstPersonBP/Maps/FirstPersonExampleMap.FirstPersonExampleMap:PersistentLevel.FirstPersonExampleMap'
[2021.08.18-04.25.52:433][997]LogSlate: InvalidateAllWidgets triggered.  All widgets were invalidated
[2021.08.18-04.25.52:468][997]LogAudioMixer: Display: No commands were queued while flushing the source manager.
[2021.08.18-04.25.52:470][997]LogSlate: Updating window title bar state: overlay mode, drag disabled, window buttons hidden, title bar hidden
[2021.08.18-04.25.52:491][997]LogUObjectHash: Compacting FUObjectHashTables data took   2.28ms
[2021.08.18-04.25.52:533][  0]LogPlayLevel: Display: Destroying online subsystem :Context_5
